Calling target program-options parser
[14:11:17.699] [bmv2] [D] [thread 20097] Set default default entry for table 'MyIngress.ipv4_lpm': MyIngress.drop - 
[14:11:17.702] [bmv2] [D] [thread 20097] Set default default entry for table 'tbl_hw2l348': hw2l348 - 
[14:11:17.702] [bmv2] [D] [thread 20097] Set default default entry for table 'tbl_hw2l352': hw2l352 - 
[14:11:17.702] [bmv2] [D] [thread 20097] Set default default entry for table 'tbl_hw2l355': hw2l355 - 
[14:11:17.702] [bmv2] [D] [thread 20097] Set default default entry for table 'tbl_hw2l360': hw2l360 - 
[14:11:17.702] [bmv2] [D] [thread 20097] Set default default entry for table 'tbl_hw2l368': hw2l368 - 
[14:11:17.702] [bmv2] [D] [thread 20097] Set default default entry for table 'tbl_hw2l372': hw2l372 - 
[14:11:17.702] [bmv2] [D] [thread 20097] Set default default entry for table 'tbl_hw2l375': hw2l375 - 
[14:11:17.702] [bmv2] [D] [thread 20097] Set default default entry for table 'tbl_hw2l377': hw2l377 - 
[14:11:17.702] [bmv2] [D] [thread 20097] Set default default entry for table 'tbl_hw2l380': hw2l380 - 
[14:11:17.702] [bmv2] [D] [thread 20097] Set default default entry for table 'tbl_hw2l383': hw2l383 - 
[14:11:17.702] [bmv2] [D] [thread 20097] Set default default entry for table 'tbl_hw2l390': hw2l390 - 
[14:11:17.702] [bmv2] [D] [thread 20097] Set default default entry for table 'tbl_hw2l394': hw2l394 - 
[14:11:17.702] [bmv2] [D] [thread 20097] Set default default entry for table 'tbl_hw2l397': hw2l397 - 
[14:11:17.702] [bmv2] [D] [thread 20097] Set default default entry for table 'MyIngress.request_exact': MyIngress.drop - 
[14:11:17.702] [bmv2] [D] [thread 20097] Set default default entry for table 'tbl_hw2l419': hw2l419 - 
Adding interface s2-eth1 as port 1
[14:11:17.706] [bmv2] [D] [thread 20097] Adding interface s2-eth1 as port 1
Adding interface s2-eth2 as port 2
[14:11:17.751] [bmv2] [D] [thread 20097] Adding interface s2-eth2 as port 2
Server listening on 0.0.0.0:50052
[14:11:17.791] [bmv2] [I] [thread 20097] Starting Thrift server on port 9091
[14:11:17.792] [bmv2] [I] [thread 20097] Thrift server was started
[14:11:17.864] [bmv2] [D] [thread 20107] [0.0] [cxt 0] Processing packet received on port 1
[14:11:17.864] [bmv2] [D] [thread 20107] [0.0] [cxt 0] Parser 'parser': start
[14:11:17.864] [bmv2] [D] [thread 20107] [0.0] [cxt 0] Parser 'parser' entering state 'start'
[14:11:17.864] [bmv2] [D] [thread 20107] [0.0] [cxt 0] Extracting header 'ethernet'
[14:11:17.864] [bmv2] [D] [thread 20107] [0.0] [cxt 0] Parser state 'start': key is 86dd
[14:11:17.865] [bmv2] [T] [thread 20107] [0.0] [cxt 0] Bytes parsed: 14
[14:11:17.865] [bmv2] [D] [thread 20107] [0.0] [cxt 0] Parser 'parser': end
[14:11:17.865] [bmv2] [D] [thread 20107] [0.0] [cxt 0] Pipeline 'ingress': start
[14:11:17.865] [bmv2] [T] [thread 20107] [0.0] [cxt 0] hw2.p4(342) Condition "hdr.ipv4.isValid()" (node_2) is false
[14:11:17.865] [bmv2] [T] [thread 20107] [0.0] [cxt 0] hw2.p4(345) Condition "hdr.request.isValid()" (node_4) is false
[14:11:17.865] [bmv2] [D] [thread 20107] [0.0] [cxt 0] Pipeline 'ingress': end
[14:11:17.865] [bmv2] [D] [thread 20107] [0.0] [cxt 0] Egress port is 0
[14:11:17.866] [bmv2] [D] [thread 20108] [0.0] [cxt 0] Pipeline 'egress': start
[14:11:17.867] [bmv2] [T] [thread 20108] [0.0] [cxt 0] hw2.p4(417) Condition "hdr.request.specialRequest == 1" (node_34) is false
[14:11:17.867] [bmv2] [D] [thread 20108] [0.0] [cxt 0] Pipeline 'egress': end
[14:11:17.867] [bmv2] [D] [thread 20108] [0.0] [cxt 0] Deparser 'deparser': start
[14:11:17.867] [bmv2] [T] [thread 20108] [0.0] [cxt 0] Skipping checksum 'cksum' update because condition not met
[14:11:17.867] [bmv2] [D] [thread 20108] [0.0] [cxt 0] Deparsing header 'ethernet'
[14:11:17.867] [bmv2] [D] [thread 20108] [0.0] [cxt 0] Deparser 'deparser': end
[14:11:17.867] [bmv2] [D] [thread 20112] [0.0] [cxt 0] Transmitting packet of size 125 out of port 0
[14:11:17.904] [bmv2] [D] [thread 20107] [1.0] [cxt 0] Processing packet received on port 1
[14:11:17.904] [bmv2] [D] [thread 20107] [1.0] [cxt 0] Parser 'parser': start
[14:11:17.904] [bmv2] [D] [thread 20107] [1.0] [cxt 0] Parser 'parser' entering state 'start'
[14:11:17.904] [bmv2] [D] [thread 20107] [1.0] [cxt 0] Extracting header 'ethernet'
[14:11:17.904] [bmv2] [D] [thread 20107] [1.0] [cxt 0] Parser state 'start': key is 86dd
[14:11:17.904] [bmv2] [T] [thread 20107] [1.0] [cxt 0] Bytes parsed: 14
[14:11:17.904] [bmv2] [D] [thread 20107] [1.0] [cxt 0] Parser 'parser': end
[14:11:17.904] [bmv2] [D] [thread 20107] [1.0] [cxt 0] Pipeline 'ingress': start
[14:11:17.905] [bmv2] [T] [thread 20107] [1.0] [cxt 0] hw2.p4(342) Condition "hdr.ipv4.isValid()" (node_2) is false
[14:11:17.905] [bmv2] [T] [thread 20107] [1.0] [cxt 0] hw2.p4(345) Condition "hdr.request.isValid()" (node_4) is false
[14:11:17.905] [bmv2] [D] [thread 20107] [1.0] [cxt 0] Pipeline 'ingress': end
[14:11:17.905] [bmv2] [D] [thread 20107] [1.0] [cxt 0] Egress port is 0
[14:11:17.905] [bmv2] [D] [thread 20108] [1.0] [cxt 0] Pipeline 'egress': start
[14:11:17.905] [bmv2] [T] [thread 20108] [1.0] [cxt 0] hw2.p4(417) Condition "hdr.request.specialRequest == 1" (node_34) is false
[14:11:17.905] [bmv2] [D] [thread 20108] [1.0] [cxt 0] Pipeline 'egress': end
[14:11:17.905] [bmv2] [D] [thread 20108] [1.0] [cxt 0] Deparser 'deparser': start
[14:11:17.906] [bmv2] [T] [thread 20108] [1.0] [cxt 0] Skipping checksum 'cksum' update because condition not met
[14:11:17.906] [bmv2] [D] [thread 20108] [1.0] [cxt 0] Deparsing header 'ethernet'
[14:11:17.906] [bmv2] [D] [thread 20108] [1.0] [cxt 0] Deparser 'deparser': end
[14:11:17.906] [bmv2] [D] [thread 20112] [1.0] [cxt 0] Transmitting packet of size 213 out of port 0
[14:11:18.103] [bmv2] [D] [thread 20107] [2.0] [cxt 0] Processing packet received on port 1
[14:11:18.103] [bmv2] [D] [thread 20107] [2.0] [cxt 0] Parser 'parser': start
[14:11:18.103] [bmv2] [D] [thread 20107] [2.0] [cxt 0] Parser 'parser' entering state 'start'
[14:11:18.104] [bmv2] [D] [thread 20107] [2.0] [cxt 0] Extracting header 'ethernet'
[14:11:18.104] [bmv2] [D] [thread 20107] [2.0] [cxt 0] Parser state 'start': key is 86dd
[14:11:18.104] [bmv2] [T] [thread 20107] [2.0] [cxt 0] Bytes parsed: 14
[14:11:18.104] [bmv2] [D] [thread 20107] [2.0] [cxt 0] Parser 'parser': end
[14:11:18.104] [bmv2] [D] [thread 20107] [2.0] [cxt 0] Pipeline 'ingress': start
[14:11:18.104] [bmv2] [T] [thread 20107] [2.0] [cxt 0] hw2.p4(342) Condition "hdr.ipv4.isValid()" (node_2) is false
[14:11:18.104] [bmv2] [T] [thread 20107] [2.0] [cxt 0] hw2.p4(345) Condition "hdr.request.isValid()" (node_4) is false
[14:11:18.104] [bmv2] [D] [thread 20107] [2.0] [cxt 0] Pipeline 'ingress': end
[14:11:18.104] [bmv2] [D] [thread 20107] [2.0] [cxt 0] Egress port is 0
[14:11:18.104] [bmv2] [D] [thread 20108] [2.0] [cxt 0] Pipeline 'egress': start
[14:11:18.104] [bmv2] [T] [thread 20108] [2.0] [cxt 0] hw2.p4(417) Condition "hdr.request.specialRequest == 1" (node_34) is false
[14:11:18.104] [bmv2] [D] [thread 20108] [2.0] [cxt 0] Pipeline 'egress': end
[14:11:18.104] [bmv2] [D] [thread 20108] [2.0] [cxt 0] Deparser 'deparser': start
[14:11:18.104] [bmv2] [T] [thread 20108] [2.0] [cxt 0] Skipping checksum 'cksum' update because condition not met
[14:11:18.104] [bmv2] [D] [thread 20108] [2.0] [cxt 0] Deparsing header 'ethernet'
[14:11:18.104] [bmv2] [D] [thread 20108] [2.0] [cxt 0] Deparser 'deparser': end
[14:11:18.104] [bmv2] [D] [thread 20112] [2.0] [cxt 0] Transmitting packet of size 201 out of port 0
[14:11:18.290] [bmv2] [D] [thread 20107] [3.0] [cxt 0] Processing packet received on port 2
[14:11:18.290] [bmv2] [D] [thread 20107] [3.0] [cxt 0] Parser 'parser': start
[14:11:18.290] [bmv2] [D] [thread 20107] [3.0] [cxt 0] Parser 'parser' entering state 'start'
[14:11:18.290] [bmv2] [D] [thread 20107] [3.0] [cxt 0] Extracting header 'ethernet'
[14:11:18.290] [bmv2] [D] [thread 20107] [3.0] [cxt 0] Parser state 'start': key is 86dd
[14:11:18.290] [bmv2] [T] [thread 20107] [3.0] [cxt 0] Bytes parsed: 14
[14:11:18.290] [bmv2] [D] [thread 20107] [3.0] [cxt 0] Parser 'parser': end
[14:11:18.290] [bmv2] [D] [thread 20107] [3.0] [cxt 0] Pipeline 'ingress': start
[14:11:18.290] [bmv2] [T] [thread 20107] [3.0] [cxt 0] hw2.p4(342) Condition "hdr.ipv4.isValid()" (node_2) is false
[14:11:18.290] [bmv2] [T] [thread 20107] [3.0] [cxt 0] hw2.p4(345) Condition "hdr.request.isValid()" (node_4) is false
[14:11:18.290] [bmv2] [D] [thread 20107] [3.0] [cxt 0] Pipeline 'ingress': end
[14:11:18.290] [bmv2] [D] [thread 20107] [3.0] [cxt 0] Egress port is 0
[14:11:18.290] [bmv2] [D] [thread 20108] [3.0] [cxt 0] Pipeline 'egress': start
[14:11:18.290] [bmv2] [T] [thread 20108] [3.0] [cxt 0] hw2.p4(417) Condition "hdr.request.specialRequest == 1" (node_34) is false
[14:11:18.290] [bmv2] [D] [thread 20108] [3.0] [cxt 0] Pipeline 'egress': end
[14:11:18.290] [bmv2] [D] [thread 20108] [3.0] [cxt 0] Deparser 'deparser': start
[14:11:18.290] [bmv2] [T] [thread 20108] [3.0] [cxt 0] Skipping checksum 'cksum' update because condition not met
[14:11:18.290] [bmv2] [D] [thread 20108] [3.0] [cxt 0] Deparsing header 'ethernet'
[14:11:18.290] [bmv2] [D] [thread 20108] [3.0] [cxt 0] Deparser 'deparser': end
[14:11:18.290] [bmv2] [D] [thread 20112] [3.0] [cxt 0] Transmitting packet of size 201 out of port 0
[14:11:18.307] [bmv2] [D] [thread 20107] [4.0] [cxt 0] Processing packet received on port 1
[14:11:18.307] [bmv2] [D] [thread 20107] [4.0] [cxt 0] Parser 'parser': start
[14:11:18.307] [bmv2] [D] [thread 20107] [4.0] [cxt 0] Parser 'parser' entering state 'start'
[14:11:18.307] [bmv2] [D] [thread 20107] [4.0] [cxt 0] Extracting header 'ethernet'
[14:11:18.307] [bmv2] [D] [thread 20107] [4.0] [cxt 0] Parser state 'start': key is 86dd
[14:11:18.307] [bmv2] [T] [thread 20107] [4.0] [cxt 0] Bytes parsed: 14
[14:11:18.307] [bmv2] [D] [thread 20107] [4.0] [cxt 0] Parser 'parser': end
[14:11:18.307] [bmv2] [D] [thread 20107] [4.0] [cxt 0] Pipeline 'ingress': start
[14:11:18.307] [bmv2] [T] [thread 20107] [4.0] [cxt 0] hw2.p4(342) Condition "hdr.ipv4.isValid()" (node_2) is false
[14:11:18.307] [bmv2] [T] [thread 20107] [4.0] [cxt 0] hw2.p4(345) Condition "hdr.request.isValid()" (node_4) is false
[14:11:18.307] [bmv2] [D] [thread 20107] [4.0] [cxt 0] Pipeline 'ingress': end
[14:11:18.307] [bmv2] [D] [thread 20107] [4.0] [cxt 0] Egress port is 0
[14:11:18.307] [bmv2] [D] [thread 20108] [4.0] [cxt 0] Pipeline 'egress': start
[14:11:18.307] [bmv2] [T] [thread 20108] [4.0] [cxt 0] hw2.p4(417) Condition "hdr.request.specialRequest == 1" (node_34) is false
[14:11:18.307] [bmv2] [D] [thread 20108] [4.0] [cxt 0] Pipeline 'egress': end
[14:11:18.307] [bmv2] [D] [thread 20108] [4.0] [cxt 0] Deparser 'deparser': start
[14:11:18.307] [bmv2] [T] [thread 20108] [4.0] [cxt 0] Skipping checksum 'cksum' update because condition not met
[14:11:18.307] [bmv2] [D] [thread 20108] [4.0] [cxt 0] Deparsing header 'ethernet'
[14:11:18.307] [bmv2] [D] [thread 20108] [4.0] [cxt 0] Deparser 'deparser': end
[14:11:18.307] [bmv2] [D] [thread 20112] [4.0] [cxt 0] Transmitting packet of size 125 out of port 0
[14:11:18.806] [bmv2] [D] [thread 20107] [5.0] [cxt 0] Processing packet received on port 1
[14:11:18.806] [bmv2] [D] [thread 20107] [5.0] [cxt 0] Parser 'parser': start
[14:11:18.806] [bmv2] [D] [thread 20107] [5.0] [cxt 0] Parser 'parser' entering state 'start'
[14:11:18.806] [bmv2] [D] [thread 20107] [5.0] [cxt 0] Extracting header 'ethernet'
[14:11:18.806] [bmv2] [D] [thread 20107] [5.0] [cxt 0] Parser state 'start': key is 86dd
[14:11:18.806] [bmv2] [T] [thread 20107] [5.0] [cxt 0] Bytes parsed: 14
[14:11:18.806] [bmv2] [D] [thread 20107] [5.0] [cxt 0] Parser 'parser': end
[14:11:18.806] [bmv2] [D] [thread 20107] [5.0] [cxt 0] Pipeline 'ingress': start
[14:11:18.806] [bmv2] [T] [thread 20107] [5.0] [cxt 0] hw2.p4(342) Condition "hdr.ipv4.isValid()" (node_2) is false
[14:11:18.806] [bmv2] [T] [thread 20107] [5.0] [cxt 0] hw2.p4(345) Condition "hdr.request.isValid()" (node_4) is false
[14:11:18.806] [bmv2] [D] [thread 20107] [5.0] [cxt 0] Pipeline 'ingress': end
[14:11:18.806] [bmv2] [D] [thread 20107] [5.0] [cxt 0] Egress port is 0
[14:11:18.806] [bmv2] [D] [thread 20108] [5.0] [cxt 0] Pipeline 'egress': start
[14:11:18.806] [bmv2] [T] [thread 20108] [5.0] [cxt 0] hw2.p4(417) Condition "hdr.request.specialRequest == 1" (node_34) is false
[14:11:18.806] [bmv2] [D] [thread 20108] [5.0] [cxt 0] Pipeline 'egress': end
[14:11:18.806] [bmv2] [D] [thread 20108] [5.0] [cxt 0] Deparser 'deparser': start
[14:11:18.806] [bmv2] [T] [thread 20108] [5.0] [cxt 0] Skipping checksum 'cksum' update because condition not met
[14:11:18.806] [bmv2] [D] [thread 20108] [5.0] [cxt 0] Deparsing header 'ethernet'
[14:11:18.806] [bmv2] [D] [thread 20108] [5.0] [cxt 0] Deparser 'deparser': end
[14:11:18.807] [bmv2] [D] [thread 20112] [5.0] [cxt 0] Transmitting packet of size 201 out of port 0
[14:11:19.250] [bmv2] [D] [thread 20107] [6.0] [cxt 0] Processing packet received on port 1
[14:11:19.250] [bmv2] [D] [thread 20107] [6.0] [cxt 0] Parser 'parser': start
[14:11:19.250] [bmv2] [D] [thread 20107] [6.0] [cxt 0] Parser 'parser' entering state 'start'
[14:11:19.250] [bmv2] [D] [thread 20107] [6.0] [cxt 0] Extracting header 'ethernet'
[14:11:19.250] [bmv2] [D] [thread 20107] [6.0] [cxt 0] Parser state 'start': key is 86dd
[14:11:19.250] [bmv2] [T] [thread 20107] [6.0] [cxt 0] Bytes parsed: 14
[14:11:19.250] [bmv2] [D] [thread 20107] [6.0] [cxt 0] Parser 'parser': end
[14:11:19.250] [bmv2] [D] [thread 20107] [6.0] [cxt 0] Pipeline 'ingress': start
[14:11:19.250] [bmv2] [T] [thread 20107] [6.0] [cxt 0] hw2.p4(342) Condition "hdr.ipv4.isValid()" (node_2) is false
[14:11:19.250] [bmv2] [T] [thread 20107] [6.0] [cxt 0] hw2.p4(345) Condition "hdr.request.isValid()" (node_4) is false
[14:11:19.250] [bmv2] [D] [thread 20107] [6.0] [cxt 0] Pipeline 'ingress': end
[14:11:19.250] [bmv2] [D] [thread 20107] [6.0] [cxt 0] Egress port is 0
[14:11:19.250] [bmv2] [D] [thread 20108] [6.0] [cxt 0] Pipeline 'egress': start
[14:11:19.250] [bmv2] [T] [thread 20108] [6.0] [cxt 0] hw2.p4(417) Condition "hdr.request.specialRequest == 1" (node_34) is false
[14:11:19.250] [bmv2] [D] [thread 20108] [6.0] [cxt 0] Pipeline 'egress': end
[14:11:19.250] [bmv2] [D] [thread 20108] [6.0] [cxt 0] Deparser 'deparser': start
[14:11:19.250] [bmv2] [T] [thread 20108] [6.0] [cxt 0] Skipping checksum 'cksum' update because condition not met
[14:11:19.250] [bmv2] [D] [thread 20108] [6.0] [cxt 0] Deparsing header 'ethernet'
[14:11:19.250] [bmv2] [D] [thread 20108] [6.0] [cxt 0] Deparser 'deparser': end
[14:11:19.250] [bmv2] [D] [thread 20112] [6.0] [cxt 0] Transmitting packet of size 201 out of port 0
[14:11:19.342] [bmv2] [D] [thread 20107] [7.0] [cxt 0] Processing packet received on port 2
[14:11:19.342] [bmv2] [D] [thread 20107] [7.0] [cxt 0] Parser 'parser': start
[14:11:19.342] [bmv2] [D] [thread 20107] [7.0] [cxt 0] Parser 'parser' entering state 'start'
[14:11:19.342] [bmv2] [D] [thread 20107] [7.0] [cxt 0] Extracting header 'ethernet'
[14:11:19.343] [bmv2] [D] [thread 20107] [7.0] [cxt 0] Parser state 'start': key is 86dd
[14:11:19.343] [bmv2] [T] [thread 20107] [7.0] [cxt 0] Bytes parsed: 14
[14:11:19.343] [bmv2] [D] [thread 20107] [7.0] [cxt 0] Parser 'parser': end
[14:11:19.343] [bmv2] [D] [thread 20107] [7.0] [cxt 0] Pipeline 'ingress': start
[14:11:19.343] [bmv2] [T] [thread 20107] [7.0] [cxt 0] hw2.p4(342) Condition "hdr.ipv4.isValid()" (node_2) is false
[14:11:19.343] [bmv2] [T] [thread 20107] [7.0] [cxt 0] hw2.p4(345) Condition "hdr.request.isValid()" (node_4) is false
[14:11:19.343] [bmv2] [D] [thread 20107] [7.0] [cxt 0] Pipeline 'ingress': end
[14:11:19.343] [bmv2] [D] [thread 20107] [7.0] [cxt 0] Egress port is 0
[14:11:19.343] [bmv2] [D] [thread 20108] [7.0] [cxt 0] Pipeline 'egress': start
[14:11:19.343] [bmv2] [T] [thread 20108] [7.0] [cxt 0] hw2.p4(417) Condition "hdr.request.specialRequest == 1" (node_34) is false
[14:11:19.343] [bmv2] [D] [thread 20108] [7.0] [cxt 0] Pipeline 'egress': end
[14:11:19.343] [bmv2] [D] [thread 20108] [7.0] [cxt 0] Deparser 'deparser': start
[14:11:19.343] [bmv2] [T] [thread 20108] [7.0] [cxt 0] Skipping checksum 'cksum' update because condition not met
[14:11:19.343] [bmv2] [D] [thread 20108] [7.0] [cxt 0] Deparsing header 'ethernet'
[14:11:19.343] [bmv2] [D] [thread 20108] [7.0] [cxt 0] Deparser 'deparser': end
[14:11:19.343] [bmv2] [D] [thread 20112] [7.0] [cxt 0] Transmitting packet of size 125 out of port 0
[14:11:19.860] [bmv2] [D] [thread 20107] [8.0] [cxt 0] Processing packet received on port 1
[14:11:19.860] [bmv2] [D] [thread 20107] [8.0] [cxt 0] Parser 'parser': start
[14:11:19.860] [bmv2] [D] [thread 20107] [8.0] [cxt 0] Parser 'parser' entering state 'start'
[14:11:19.860] [bmv2] [D] [thread 20107] [8.0] [cxt 0] Extracting header 'ethernet'
[14:11:19.860] [bmv2] [D] [thread 20107] [8.0] [cxt 0] Parser state 'start': key is 86dd
[14:11:19.860] [bmv2] [T] [thread 20107] [8.0] [cxt 0] Bytes parsed: 14
[14:11:19.860] [bmv2] [D] [thread 20107] [8.0] [cxt 0] Parser 'parser': end
[14:11:19.860] [bmv2] [D] [thread 20107] [8.0] [cxt 0] Pipeline 'ingress': start
[14:11:19.860] [bmv2] [T] [thread 20107] [8.0] [cxt 0] hw2.p4(342) Condition "hdr.ipv4.isValid()" (node_2) is false
[14:11:19.860] [bmv2] [T] [thread 20107] [8.0] [cxt 0] hw2.p4(345) Condition "hdr.request.isValid()" (node_4) is false
[14:11:19.860] [bmv2] [D] [thread 20107] [8.0] [cxt 0] Pipeline 'ingress': end
[14:11:19.860] [bmv2] [D] [thread 20107] [8.0] [cxt 0] Egress port is 0
[14:11:19.860] [bmv2] [D] [thread 20108] [8.0] [cxt 0] Pipeline 'egress': start
[14:11:19.860] [bmv2] [T] [thread 20108] [8.0] [cxt 0] hw2.p4(417) Condition "hdr.request.specialRequest == 1" (node_34) is false
[14:11:19.860] [bmv2] [D] [thread 20108] [8.0] [cxt 0] Pipeline 'egress': end
[14:11:19.860] [bmv2] [D] [thread 20108] [8.0] [cxt 0] Deparser 'deparser': start
[14:11:19.860] [bmv2] [T] [thread 20108] [8.0] [cxt 0] Skipping checksum 'cksum' update because condition not met
[14:11:19.860] [bmv2] [D] [thread 20108] [8.0] [cxt 0] Deparsing header 'ethernet'
[14:11:19.860] [bmv2] [D] [thread 20108] [8.0] [cxt 0] Deparser 'deparser': end
[14:11:19.860] [bmv2] [D] [thread 20112] [8.0] [cxt 0] Transmitting packet of size 125 out of port 0
[14:11:20.306] [bmv2] [D] [thread 20107] [9.0] [cxt 0] Processing packet received on port 1
[14:11:20.306] [bmv2] [D] [thread 20107] [9.0] [cxt 0] Parser 'parser': start
[14:11:20.306] [bmv2] [D] [thread 20107] [9.0] [cxt 0] Parser 'parser' entering state 'start'
[14:11:20.306] [bmv2] [D] [thread 20107] [9.0] [cxt 0] Extracting header 'ethernet'
[14:11:20.306] [bmv2] [D] [thread 20107] [9.0] [cxt 0] Parser state 'start': key is 86dd
[14:11:20.306] [bmv2] [T] [thread 20107] [9.0] [cxt 0] Bytes parsed: 14
[14:11:20.306] [bmv2] [D] [thread 20107] [9.0] [cxt 0] Parser 'parser': end
[14:11:20.306] [bmv2] [D] [thread 20107] [9.0] [cxt 0] Pipeline 'ingress': start
[14:11:20.306] [bmv2] [T] [thread 20107] [9.0] [cxt 0] hw2.p4(342) Condition "hdr.ipv4.isValid()" (node_2) is false
[14:11:20.306] [bmv2] [T] [thread 20107] [9.0] [cxt 0] hw2.p4(345) Condition "hdr.request.isValid()" (node_4) is false
[14:11:20.306] [bmv2] [D] [thread 20107] [9.0] [cxt 0] Pipeline 'ingress': end
[14:11:20.306] [bmv2] [D] [thread 20107] [9.0] [cxt 0] Egress port is 0
[14:11:20.306] [bmv2] [D] [thread 20108] [9.0] [cxt 0] Pipeline 'egress': start
[14:11:20.306] [bmv2] [T] [thread 20108] [9.0] [cxt 0] hw2.p4(417) Condition "hdr.request.specialRequest == 1" (node_34) is false
[14:11:20.306] [bmv2] [D] [thread 20108] [9.0] [cxt 0] Pipeline 'egress': end
[14:11:20.306] [bmv2] [D] [thread 20108] [9.0] [cxt 0] Deparser 'deparser': start
[14:11:20.306] [bmv2] [T] [thread 20108] [9.0] [cxt 0] Skipping checksum 'cksum' update because condition not met
[14:11:20.306] [bmv2] [D] [thread 20108] [9.0] [cxt 0] Deparsing header 'ethernet'
[14:11:20.306] [bmv2] [D] [thread 20108] [9.0] [cxt 0] Deparser 'deparser': end
[14:11:20.306] [bmv2] [D] [thread 20112] [9.0] [cxt 0] Transmitting packet of size 125 out of port 0
[14:11:20.444] [bmv2] [D] [thread 20107] [10.0] [cxt 0] Processing packet received on port 2
[14:11:20.444] [bmv2] [D] [thread 20107] [10.0] [cxt 0] Parser 'parser': start
[14:11:20.444] [bmv2] [D] [thread 20107] [10.0] [cxt 0] Parser 'parser' entering state 'start'
[14:11:20.444] [bmv2] [D] [thread 20107] [10.0] [cxt 0] Extracting header 'ethernet'
[14:11:20.444] [bmv2] [D] [thread 20107] [10.0] [cxt 0] Parser state 'start': key is 86dd
[14:11:20.444] [bmv2] [T] [thread 20107] [10.0] [cxt 0] Bytes parsed: 14
[14:11:20.444] [bmv2] [D] [thread 20107] [10.0] [cxt 0] Parser 'parser': end
[14:11:20.444] [bmv2] [D] [thread 20107] [10.0] [cxt 0] Pipeline 'ingress': start
[14:11:20.444] [bmv2] [T] [thread 20107] [10.0] [cxt 0] hw2.p4(342) Condition "hdr.ipv4.isValid()" (node_2) is false
[14:11:20.444] [bmv2] [T] [thread 20107] [10.0] [cxt 0] hw2.p4(345) Condition "hdr.request.isValid()" (node_4) is false
[14:11:20.444] [bmv2] [D] [thread 20107] [10.0] [cxt 0] Pipeline 'ingress': end
[14:11:20.444] [bmv2] [D] [thread 20107] [10.0] [cxt 0] Egress port is 0
[14:11:20.444] [bmv2] [D] [thread 20108] [10.0] [cxt 0] Pipeline 'egress': start
[14:11:20.444] [bmv2] [T] [thread 20108] [10.0] [cxt 0] hw2.p4(417) Condition "hdr.request.specialRequest == 1" (node_34) is false
[14:11:20.444] [bmv2] [D] [thread 20108] [10.0] [cxt 0] Pipeline 'egress': end
[14:11:20.444] [bmv2] [D] [thread 20108] [10.0] [cxt 0] Deparser 'deparser': start
[14:11:20.444] [bmv2] [T] [thread 20108] [10.0] [cxt 0] Skipping checksum 'cksum' update because condition not met
[14:11:20.444] [bmv2] [D] [thread 20108] [10.0] [cxt 0] Deparsing header 'ethernet'
[14:11:20.444] [bmv2] [D] [thread 20108] [10.0] [cxt 0] Deparser 'deparser': end
[14:11:20.444] [bmv2] [D] [thread 20112] [10.0] [cxt 0] Transmitting packet of size 201 out of port 0
[14:11:20.515] [bmv2] [D] [thread 20107] [11.0] [cxt 0] Processing packet received on port 2
[14:11:20.515] [bmv2] [D] [thread 20107] [11.0] [cxt 0] Parser 'parser': start
[14:11:20.515] [bmv2] [D] [thread 20107] [11.0] [cxt 0] Parser 'parser' entering state 'start'
[14:11:20.515] [bmv2] [D] [thread 20107] [11.0] [cxt 0] Extracting header 'ethernet'
[14:11:20.515] [bmv2] [D] [thread 20107] [11.0] [cxt 0] Parser state 'start': key is 86dd
[14:11:20.515] [bmv2] [T] [thread 20107] [11.0] [cxt 0] Bytes parsed: 14
[14:11:20.515] [bmv2] [D] [thread 20107] [11.0] [cxt 0] Parser 'parser': end
[14:11:20.515] [bmv2] [D] [thread 20107] [11.0] [cxt 0] Pipeline 'ingress': start
[14:11:20.515] [bmv2] [T] [thread 20107] [11.0] [cxt 0] hw2.p4(342) Condition "hdr.ipv4.isValid()" (node_2) is false
[14:11:20.515] [bmv2] [T] [thread 20107] [11.0] [cxt 0] hw2.p4(345) Condition "hdr.request.isValid()" (node_4) is false
[14:11:20.515] [bmv2] [D] [thread 20107] [11.0] [cxt 0] Pipeline 'ingress': end
[14:11:20.515] [bmv2] [D] [thread 20107] [11.0] [cxt 0] Egress port is 0
[14:11:20.515] [bmv2] [D] [thread 20108] [11.0] [cxt 0] Pipeline 'egress': start
[14:11:20.515] [bmv2] [T] [thread 20108] [11.0] [cxt 0] hw2.p4(417) Condition "hdr.request.specialRequest == 1" (node_34) is false
[14:11:20.515] [bmv2] [D] [thread 20108] [11.0] [cxt 0] Pipeline 'egress': end
[14:11:20.515] [bmv2] [D] [thread 20108] [11.0] [cxt 0] Deparser 'deparser': start
[14:11:20.515] [bmv2] [T] [thread 20108] [11.0] [cxt 0] Skipping checksum 'cksum' update because condition not met
[14:11:20.515] [bmv2] [D] [thread 20108] [11.0] [cxt 0] Deparsing header 'ethernet'
[14:11:20.515] [bmv2] [D] [thread 20108] [11.0] [cxt 0] Deparser 'deparser': end
[14:11:20.515] [bmv2] [D] [thread 20112] [11.0] [cxt 0] Transmitting packet of size 70 out of port 0
[14:11:20.953] [bmv2] [D] [thread 20107] [12.0] [cxt 0] Processing packet received on port 1
[14:11:20.953] [bmv2] [D] [thread 20107] [12.0] [cxt 0] Parser 'parser': start
[14:11:20.953] [bmv2] [D] [thread 20107] [12.0] [cxt 0] Parser 'parser' entering state 'start'
[14:11:20.953] [bmv2] [D] [thread 20107] [12.0] [cxt 0] Extracting header 'ethernet'
[14:11:20.953] [bmv2] [D] [thread 20107] [12.0] [cxt 0] Parser state 'start': key is 86dd
[14:11:20.953] [bmv2] [T] [thread 20107] [12.0] [cxt 0] Bytes parsed: 14
[14:11:20.953] [bmv2] [D] [thread 20107] [12.0] [cxt 0] Parser 'parser': end
[14:11:20.953] [bmv2] [D] [thread 20107] [12.0] [cxt 0] Pipeline 'ingress': start
[14:11:20.953] [bmv2] [T] [thread 20107] [12.0] [cxt 0] hw2.p4(342) Condition "hdr.ipv4.isValid()" (node_2) is false
[14:11:20.953] [bmv2] [T] [thread 20107] [12.0] [cxt 0] hw2.p4(345) Condition "hdr.request.isValid()" (node_4) is false
[14:11:20.953] [bmv2] [D] [thread 20107] [12.0] [cxt 0] Pipeline 'ingress': end
[14:11:20.953] [bmv2] [D] [thread 20107] [12.0] [cxt 0] Egress port is 0
[14:11:20.953] [bmv2] [D] [thread 20108] [12.0] [cxt 0] Pipeline 'egress': start
[14:11:20.953] [bmv2] [T] [thread 20108] [12.0] [cxt 0] hw2.p4(417) Condition "hdr.request.specialRequest == 1" (node_34) is false
[14:11:20.953] [bmv2] [D] [thread 20108] [12.0] [cxt 0] Pipeline 'egress': end
[14:11:20.953] [bmv2] [D] [thread 20108] [12.0] [cxt 0] Deparser 'deparser': start
[14:11:20.953] [bmv2] [T] [thread 20108] [12.0] [cxt 0] Skipping checksum 'cksum' update because condition not met
[14:11:20.953] [bmv2] [D] [thread 20108] [12.0] [cxt 0] Deparsing header 'ethernet'
[14:11:20.953] [bmv2] [D] [thread 20108] [12.0] [cxt 0] Deparser 'deparser': end
[14:11:20.953] [bmv2] [D] [thread 20112] [12.0] [cxt 0] Transmitting packet of size 201 out of port 0
[14:11:21.027] [bmv2] [D] [thread 20107] [13.0] [cxt 0] Processing packet received on port 1
[14:11:21.027] [bmv2] [D] [thread 20107] [13.0] [cxt 0] Parser 'parser': start
[14:11:21.027] [bmv2] [D] [thread 20107] [13.0] [cxt 0] Parser 'parser' entering state 'start'
[14:11:21.027] [bmv2] [D] [thread 20107] [13.0] [cxt 0] Extracting header 'ethernet'
[14:11:21.027] [bmv2] [D] [thread 20107] [13.0] [cxt 0] Parser state 'start': key is 86dd
[14:11:21.027] [bmv2] [T] [thread 20107] [13.0] [cxt 0] Bytes parsed: 14
[14:11:21.027] [bmv2] [D] [thread 20107] [13.0] [cxt 0] Parser 'parser': end
[14:11:21.027] [bmv2] [D] [thread 20107] [13.0] [cxt 0] Pipeline 'ingress': start
[14:11:21.027] [bmv2] [T] [thread 20107] [13.0] [cxt 0] hw2.p4(342) Condition "hdr.ipv4.isValid()" (node_2) is false
[14:11:21.027] [bmv2] [T] [thread 20107] [13.0] [cxt 0] hw2.p4(345) Condition "hdr.request.isValid()" (node_4) is false
[14:11:21.027] [bmv2] [D] [thread 20107] [13.0] [cxt 0] Pipeline 'ingress': end
[14:11:21.027] [bmv2] [D] [thread 20107] [13.0] [cxt 0] Egress port is 0
[14:11:21.027] [bmv2] [D] [thread 20108] [13.0] [cxt 0] Pipeline 'egress': start
[14:11:21.027] [bmv2] [T] [thread 20108] [13.0] [cxt 0] hw2.p4(417) Condition "hdr.request.specialRequest == 1" (node_34) is false
[14:11:21.028] [bmv2] [D] [thread 20108] [13.0] [cxt 0] Pipeline 'egress': end
[14:11:21.028] [bmv2] [D] [thread 20108] [13.0] [cxt 0] Deparser 'deparser': start
[14:11:21.028] [bmv2] [T] [thread 20108] [13.0] [cxt 0] Skipping checksum 'cksum' update because condition not met
[14:11:21.028] [bmv2] [D] [thread 20108] [13.0] [cxt 0] Deparsing header 'ethernet'
[14:11:21.028] [bmv2] [D] [thread 20108] [13.0] [cxt 0] Deparser 'deparser': end
[14:11:21.028] [bmv2] [D] [thread 20112] [13.0] [cxt 0] Transmitting packet of size 70 out of port 0
[14:11:21.030] [bmv2] [D] [thread 20107] [14.0] [cxt 0] Processing packet received on port 1
[14:11:21.030] [bmv2] [D] [thread 20107] [14.0] [cxt 0] Parser 'parser': start
[14:11:21.030] [bmv2] [D] [thread 20107] [14.0] [cxt 0] Parser 'parser' entering state 'start'
[14:11:21.030] [bmv2] [D] [thread 20107] [14.0] [cxt 0] Extracting header 'ethernet'
[14:11:21.030] [bmv2] [D] [thread 20107] [14.0] [cxt 0] Parser state 'start': key is 86dd
[14:11:21.030] [bmv2] [T] [thread 20107] [14.0] [cxt 0] Bytes parsed: 14
[14:11:21.030] [bmv2] [D] [thread 20107] [14.0] [cxt 0] Parser 'parser': end
[14:11:21.030] [bmv2] [D] [thread 20107] [14.0] [cxt 0] Pipeline 'ingress': start
[14:11:21.030] [bmv2] [T] [thread 20107] [14.0] [cxt 0] hw2.p4(342) Condition "hdr.ipv4.isValid()" (node_2) is false
[14:11:21.030] [bmv2] [T] [thread 20107] [14.0] [cxt 0] hw2.p4(345) Condition "hdr.request.isValid()" (node_4) is false
[14:11:21.030] [bmv2] [D] [thread 20107] [14.0] [cxt 0] Pipeline 'ingress': end
[14:11:21.030] [bmv2] [D] [thread 20107] [14.0] [cxt 0] Egress port is 0
[14:11:21.030] [bmv2] [D] [thread 20108] [14.0] [cxt 0] Pipeline 'egress': start
[14:11:21.030] [bmv2] [T] [thread 20108] [14.0] [cxt 0] hw2.p4(417) Condition "hdr.request.specialRequest == 1" (node_34) is false
[14:11:21.030] [bmv2] [D] [thread 20108] [14.0] [cxt 0] Pipeline 'egress': end
[14:11:21.030] [bmv2] [D] [thread 20108] [14.0] [cxt 0] Deparser 'deparser': start
[14:11:21.030] [bmv2] [T] [thread 20108] [14.0] [cxt 0] Skipping checksum 'cksum' update because condition not met
[14:11:21.030] [bmv2] [D] [thread 20108] [14.0] [cxt 0] Deparsing header 'ethernet'
[14:11:21.030] [bmv2] [D] [thread 20108] [14.0] [cxt 0] Deparser 'deparser': end
[14:11:21.030] [bmv2] [D] [thread 20112] [14.0] [cxt 0] Transmitting packet of size 70 out of port 0
[14:11:21.071] [bmv2] [W] [thread 20173] [P4Runtime] p4::tmp::P4DeviceConfig is deprecated
[14:11:21.103] [bmv2] [D] [thread 20173] Set default default entry for table 'MyIngress.ipv4_lpm': MyIngress.drop - 
[14:11:21.104] [bmv2] [D] [thread 20173] Set default default entry for table 'tbl_hw2l348': hw2l348 - 
[14:11:21.104] [bmv2] [D] [thread 20173] Set default default entry for table 'tbl_hw2l352': hw2l352 - 
[14:11:21.104] [bmv2] [D] [thread 20173] Set default default entry for table 'tbl_hw2l355': hw2l355 - 
[14:11:21.104] [bmv2] [D] [thread 20173] Set default default entry for table 'tbl_hw2l360': hw2l360 - 
[14:11:21.104] [bmv2] [D] [thread 20173] Set default default entry for table 'tbl_hw2l368': hw2l368 - 
[14:11:21.104] [bmv2] [D] [thread 20173] Set default default entry for table 'tbl_hw2l372': hw2l372 - 
[14:11:21.104] [bmv2] [D] [thread 20173] Set default default entry for table 'tbl_hw2l375': hw2l375 - 
[14:11:21.104] [bmv2] [D] [thread 20173] Set default default entry for table 'tbl_hw2l377': hw2l377 - 
[14:11:21.104] [bmv2] [D] [thread 20173] Set default default entry for table 'tbl_hw2l380': hw2l380 - 
[14:11:21.104] [bmv2] [D] [thread 20173] Set default default entry for table 'tbl_hw2l383': hw2l383 - 
[14:11:21.104] [bmv2] [D] [thread 20173] Set default default entry for table 'tbl_hw2l390': hw2l390 - 
[14:11:21.104] [bmv2] [D] [thread 20173] Set default default entry for table 'tbl_hw2l394': hw2l394 - 
[14:11:21.104] [bmv2] [D] [thread 20173] Set default default entry for table 'tbl_hw2l397': hw2l397 - 
[14:11:21.104] [bmv2] [D] [thread 20173] Set default default entry for table 'MyIngress.request_exact': MyIngress.drop - 
[14:11:21.105] [bmv2] [D] [thread 20173] Set default default entry for table 'tbl_hw2l419': hw2l419 - 
[14:11:21.115] [bmv2] [D] [thread 20173] simple_switch target has been notified of a config swap
[14:11:21.117] [bmv2] [D] [thread 20174] Set default entry for table 'MyIngress.ipv4_lpm': MyIngress.drop - 
[14:11:21.118] [bmv2] [D] [thread 20174] Entry 0 added to table 'MyIngress.ipv4_lpm'
[14:11:21.119] [bmv2] [D] [thread 20174] Dumping entry 0
Match key:
* hdr.ipv4.dstAddr    : LPM       0a000101/32
Action entry: MyIngress.ipv4_forward - 80000000111,1,

[14:11:21.120] [bmv2] [D] [thread 20174] Entry 1 added to table 'MyIngress.ipv4_lpm'
[14:11:21.120] [bmv2] [D] [thread 20174] Dumping entry 1
Match key:
* hdr.ipv4.dstAddr    : LPM       0a000202/32
Action entry: MyIngress.ipv4_forward - 80000000222,1,

[14:11:21.123] [bmv2] [D] [thread 20174] Set default entry for table 'MyIngress.request_exact': MyIngress.drop - 
[14:11:21.125] [bmv2] [D] [thread 20174] Entry 0 added to table 'MyIngress.request_exact'
[14:11:21.125] [bmv2] [D] [thread 20174] Dumping entry 0
Match key:
* hdr.request.requestType: EXACT     0001
Action entry: MyIngress.get_handler - 

[14:11:21.126] [bmv2] [D] [thread 20179] Entry 1 added to table 'MyIngress.request_exact'
[14:11:21.126] [bmv2] [D] [thread 20179] Dumping entry 1
Match key:
* hdr.request.requestType: EXACT     0002
Action entry: MyIngress.put_handler - 

[14:11:21.132] [bmv2] [D] [thread 20174] Entry 2 added to table 'MyIngress.request_exact'
[14:11:21.132] [bmv2] [D] [thread 20174] Dumping entry 2
Match key:
* hdr.request.requestType: EXACT     0003
Action entry: MyIngress.range_handler - 

[14:11:21.133] [bmv2] [D] [thread 20179] Entry 3 added to table 'MyIngress.request_exact'
[14:11:21.133] [bmv2] [D] [thread 20179] Dumping entry 3
Match key:
* hdr.request.requestType: EXACT     0005
Action entry: MyIngress.ping_handler - 

[14:11:21.410] [bmv2] [D] [thread 20107] [15.0] [cxt 0] Processing packet received on port 1
[14:11:21.410] [bmv2] [D] [thread 20107] [15.0] [cxt 0] Parser 'parser': start
[14:11:21.410] [bmv2] [D] [thread 20107] [15.0] [cxt 0] Parser 'parser' entering state 'start'
[14:11:21.410] [bmv2] [D] [thread 20107] [15.0] [cxt 0] Extracting header 'ethernet'
[14:11:21.411] [bmv2] [D] [thread 20107] [15.0] [cxt 0] Parser state 'start': key is 86dd
[14:11:21.411] [bmv2] [T] [thread 20107] [15.0] [cxt 0] Bytes parsed: 14
[14:11:21.411] [bmv2] [D] [thread 20107] [15.0] [cxt 0] Parser 'parser': end
[14:11:21.411] [bmv2] [D] [thread 20107] [15.0] [cxt 0] Pipeline 'ingress': start
[14:11:21.411] [bmv2] [T] [thread 20107] [15.0] [cxt 0] hw2.p4(342) Condition "hdr.ipv4.isValid()" (node_2) is false
[14:11:21.411] [bmv2] [T] [thread 20107] [15.0] [cxt 0] hw2.p4(345) Condition "hdr.request.isValid()" (node_4) is false
[14:11:21.411] [bmv2] [D] [thread 20107] [15.0] [cxt 0] Pipeline 'ingress': end
[14:11:21.411] [bmv2] [D] [thread 20107] [15.0] [cxt 0] Egress port is 0
[14:11:21.411] [bmv2] [D] [thread 20108] [15.0] [cxt 0] Pipeline 'egress': start
[14:11:21.411] [bmv2] [T] [thread 20108] [15.0] [cxt 0] hw2.p4(417) Condition "hdr.request.specialRequest == 1" (node_34) is false
[14:11:21.411] [bmv2] [D] [thread 20108] [15.0] [cxt 0] Pipeline 'egress': end
[14:11:21.411] [bmv2] [D] [thread 20108] [15.0] [cxt 0] Deparser 'deparser': start
[14:11:21.412] [bmv2] [T] [thread 20108] [15.0] [cxt 0] Skipping checksum 'cksum' update because condition not met
[14:11:21.412] [bmv2] [D] [thread 20108] [15.0] [cxt 0] Deparsing header 'ethernet'
[14:11:21.412] [bmv2] [D] [thread 20108] [15.0] [cxt 0] Deparser 'deparser': end
[14:11:21.412] [bmv2] [D] [thread 20112] [15.0] [cxt 0] Transmitting packet of size 201 out of port 0
[14:11:23.342] [bmv2] [D] [thread 20107] [16.0] [cxt 0] Processing packet received on port 2
[14:11:23.342] [bmv2] [D] [thread 20107] [16.0] [cxt 0] Parser 'parser': start
[14:11:23.342] [bmv2] [D] [thread 20107] [16.0] [cxt 0] Parser 'parser' entering state 'start'
[14:11:23.342] [bmv2] [D] [thread 20107] [16.0] [cxt 0] Extracting header 'ethernet'
[14:11:23.342] [bmv2] [D] [thread 20107] [16.0] [cxt 0] Parser state 'start': key is 86dd
[14:11:23.342] [bmv2] [T] [thread 20107] [16.0] [cxt 0] Bytes parsed: 14
[14:11:23.342] [bmv2] [D] [thread 20107] [16.0] [cxt 0] Parser 'parser': end
[14:11:23.342] [bmv2] [D] [thread 20107] [16.0] [cxt 0] Pipeline 'ingress': start
[14:11:23.342] [bmv2] [T] [thread 20107] [16.0] [cxt 0] hw2.p4(342) Condition "hdr.ipv4.isValid()" (node_2) is false
[14:11:23.342] [bmv2] [T] [thread 20107] [16.0] [cxt 0] hw2.p4(345) Condition "hdr.request.isValid()" (node_4) is false
[14:11:23.342] [bmv2] [D] [thread 20107] [16.0] [cxt 0] Pipeline 'ingress': end
[14:11:23.342] [bmv2] [D] [thread 20107] [16.0] [cxt 0] Egress port is 0
[14:11:23.342] [bmv2] [D] [thread 20108] [16.0] [cxt 0] Pipeline 'egress': start
[14:11:23.342] [bmv2] [T] [thread 20108] [16.0] [cxt 0] hw2.p4(417) Condition "hdr.request.specialRequest == 1" (node_34) is false
[14:11:23.342] [bmv2] [D] [thread 20108] [16.0] [cxt 0] Pipeline 'egress': end
[14:11:23.342] [bmv2] [D] [thread 20108] [16.0] [cxt 0] Deparser 'deparser': start
[14:11:23.342] [bmv2] [T] [thread 20108] [16.0] [cxt 0] Skipping checksum 'cksum' update because condition not met
[14:11:23.342] [bmv2] [D] [thread 20108] [16.0] [cxt 0] Deparsing header 'ethernet'
[14:11:23.342] [bmv2] [D] [thread 20108] [16.0] [cxt 0] Deparser 'deparser': end
[14:11:23.342] [bmv2] [D] [thread 20112] [16.0] [cxt 0] Transmitting packet of size 125 out of port 0
[14:11:23.860] [bmv2] [D] [thread 20107] [17.0] [cxt 0] Processing packet received on port 1
[14:11:23.860] [bmv2] [D] [thread 20107] [17.0] [cxt 0] Parser 'parser': start
[14:11:23.860] [bmv2] [D] [thread 20107] [17.0] [cxt 0] Parser 'parser' entering state 'start'
[14:11:23.860] [bmv2] [D] [thread 20107] [17.0] [cxt 0] Extracting header 'ethernet'
[14:11:23.860] [bmv2] [D] [thread 20107] [17.0] [cxt 0] Parser state 'start': key is 86dd
[14:11:23.860] [bmv2] [T] [thread 20107] [17.0] [cxt 0] Bytes parsed: 14
[14:11:23.860] [bmv2] [D] [thread 20107] [17.0] [cxt 0] Parser 'parser': end
[14:11:23.860] [bmv2] [D] [thread 20107] [17.0] [cxt 0] Pipeline 'ingress': start
[14:11:23.860] [bmv2] [T] [thread 20107] [17.0] [cxt 0] hw2.p4(342) Condition "hdr.ipv4.isValid()" (node_2) is false
[14:11:23.860] [bmv2] [T] [thread 20107] [17.0] [cxt 0] hw2.p4(345) Condition "hdr.request.isValid()" (node_4) is false
[14:11:23.860] [bmv2] [D] [thread 20107] [17.0] [cxt 0] Pipeline 'ingress': end
[14:11:23.860] [bmv2] [D] [thread 20107] [17.0] [cxt 0] Egress port is 0
[14:11:23.860] [bmv2] [D] [thread 20108] [17.0] [cxt 0] Pipeline 'egress': start
[14:11:23.860] [bmv2] [T] [thread 20108] [17.0] [cxt 0] hw2.p4(417) Condition "hdr.request.specialRequest == 1" (node_34) is false
[14:11:23.860] [bmv2] [D] [thread 20108] [17.0] [cxt 0] Pipeline 'egress': end
[14:11:23.860] [bmv2] [D] [thread 20108] [17.0] [cxt 0] Deparser 'deparser': start
[14:11:23.860] [bmv2] [T] [thread 20108] [17.0] [cxt 0] Skipping checksum 'cksum' update because condition not met
[14:11:23.860] [bmv2] [D] [thread 20108] [17.0] [cxt 0] Deparsing header 'ethernet'
[14:11:23.860] [bmv2] [D] [thread 20108] [17.0] [cxt 0] Deparser 'deparser': end
[14:11:23.860] [bmv2] [D] [thread 20112] [17.0] [cxt 0] Transmitting packet of size 125 out of port 0
[14:11:24.307] [bmv2] [D] [thread 20107] [18.0] [cxt 0] Processing packet received on port 1
[14:11:24.307] [bmv2] [D] [thread 20107] [18.0] [cxt 0] Parser 'parser': start
[14:11:24.307] [bmv2] [D] [thread 20107] [18.0] [cxt 0] Parser 'parser' entering state 'start'
[14:11:24.307] [bmv2] [D] [thread 20107] [18.0] [cxt 0] Extracting header 'ethernet'
[14:11:24.307] [bmv2] [D] [thread 20107] [18.0] [cxt 0] Parser state 'start': key is 86dd
[14:11:24.307] [bmv2] [T] [thread 20107] [18.0] [cxt 0] Bytes parsed: 14
[14:11:24.307] [bmv2] [D] [thread 20107] [18.0] [cxt 0] Parser 'parser': end
[14:11:24.307] [bmv2] [D] [thread 20107] [18.0] [cxt 0] Pipeline 'ingress': start
[14:11:24.307] [bmv2] [T] [thread 20107] [18.0] [cxt 0] hw2.p4(342) Condition "hdr.ipv4.isValid()" (node_2) is false
[14:11:24.307] [bmv2] [T] [thread 20107] [18.0] [cxt 0] hw2.p4(345) Condition "hdr.request.isValid()" (node_4) is false
[14:11:24.307] [bmv2] [D] [thread 20107] [18.0] [cxt 0] Pipeline 'ingress': end
[14:11:24.307] [bmv2] [D] [thread 20107] [18.0] [cxt 0] Egress port is 0
[14:11:24.307] [bmv2] [D] [thread 20108] [18.0] [cxt 0] Pipeline 'egress': start
[14:11:24.307] [bmv2] [T] [thread 20108] [18.0] [cxt 0] hw2.p4(417) Condition "hdr.request.specialRequest == 1" (node_34) is false
[14:11:24.307] [bmv2] [D] [thread 20108] [18.0] [cxt 0] Pipeline 'egress': end
[14:11:24.307] [bmv2] [D] [thread 20108] [18.0] [cxt 0] Deparser 'deparser': start
[14:11:24.307] [bmv2] [T] [thread 20108] [18.0] [cxt 0] Skipping checksum 'cksum' update because condition not met
[14:11:24.307] [bmv2] [D] [thread 20108] [18.0] [cxt 0] Deparsing header 'ethernet'
[14:11:24.307] [bmv2] [D] [thread 20108] [18.0] [cxt 0] Deparser 'deparser': end
[14:11:24.307] [bmv2] [D] [thread 20112] [18.0] [cxt 0] Transmitting packet of size 125 out of port 0
[14:11:28.707] [bmv2] [D] [thread 20107] [19.0] [cxt 0] Processing packet received on port 1
[14:11:28.707] [bmv2] [D] [thread 20107] [19.0] [cxt 0] Parser 'parser': start
[14:11:28.707] [bmv2] [D] [thread 20107] [19.0] [cxt 0] Parser 'parser' entering state 'start'
[14:11:28.707] [bmv2] [D] [thread 20107] [19.0] [cxt 0] Extracting header 'ethernet'
[14:11:28.707] [bmv2] [D] [thread 20107] [19.0] [cxt 0] Parser state 'start': key is 86dd
[14:11:28.707] [bmv2] [T] [thread 20107] [19.0] [cxt 0] Bytes parsed: 14
[14:11:28.707] [bmv2] [D] [thread 20107] [19.0] [cxt 0] Parser 'parser': end
[14:11:28.707] [bmv2] [D] [thread 20107] [19.0] [cxt 0] Pipeline 'ingress': start
[14:11:28.707] [bmv2] [T] [thread 20107] [19.0] [cxt 0] hw2.p4(342) Condition "hdr.ipv4.isValid()" (node_2) is false
[14:11:28.707] [bmv2] [T] [thread 20107] [19.0] [cxt 0] hw2.p4(345) Condition "hdr.request.isValid()" (node_4) is false
[14:11:28.707] [bmv2] [D] [thread 20107] [19.0] [cxt 0] Pipeline 'ingress': end
[14:11:28.707] [bmv2] [D] [thread 20107] [19.0] [cxt 0] Egress port is 0
[14:11:28.707] [bmv2] [D] [thread 20108] [19.0] [cxt 0] Pipeline 'egress': start
[14:11:28.707] [bmv2] [T] [thread 20108] [19.0] [cxt 0] hw2.p4(417) Condition "hdr.request.specialRequest == 1" (node_34) is false
[14:11:28.707] [bmv2] [D] [thread 20108] [19.0] [cxt 0] Pipeline 'egress': end
[14:11:28.707] [bmv2] [D] [thread 20108] [19.0] [cxt 0] Deparser 'deparser': start
[14:11:28.707] [bmv2] [T] [thread 20108] [19.0] [cxt 0] Skipping checksum 'cksum' update because condition not met
[14:11:28.707] [bmv2] [D] [thread 20108] [19.0] [cxt 0] Deparsing header 'ethernet'
[14:11:28.708] [bmv2] [D] [thread 20108] [19.0] [cxt 0] Deparser 'deparser': end
[14:11:28.708] [bmv2] [D] [thread 20112] [19.0] [cxt 0] Transmitting packet of size 70 out of port 0
[14:11:28.708] [bmv2] [D] [thread 20107] [20.0] [cxt 0] Processing packet received on port 2
[14:11:28.708] [bmv2] [D] [thread 20107] [20.0] [cxt 0] Parser 'parser': start
[14:11:28.708] [bmv2] [D] [thread 20107] [20.0] [cxt 0] Parser 'parser' entering state 'start'
[14:11:28.708] [bmv2] [D] [thread 20107] [20.0] [cxt 0] Extracting header 'ethernet'
[14:11:28.708] [bmv2] [D] [thread 20107] [20.0] [cxt 0] Parser state 'start': key is 86dd
[14:11:28.708] [bmv2] [T] [thread 20107] [20.0] [cxt 0] Bytes parsed: 14
[14:11:28.708] [bmv2] [D] [thread 20107] [20.0] [cxt 0] Parser 'parser': end
[14:11:28.708] [bmv2] [D] [thread 20107] [20.0] [cxt 0] Pipeline 'ingress': start
[14:11:28.708] [bmv2] [T] [thread 20107] [20.0] [cxt 0] hw2.p4(342) Condition "hdr.ipv4.isValid()" (node_2) is false
[14:11:28.708] [bmv2] [T] [thread 20107] [20.0] [cxt 0] hw2.p4(345) Condition "hdr.request.isValid()" (node_4) is false
[14:11:28.708] [bmv2] [D] [thread 20107] [20.0] [cxt 0] Pipeline 'ingress': end
[14:11:28.708] [bmv2] [D] [thread 20107] [20.0] [cxt 0] Egress port is 0
[14:11:28.708] [bmv2] [D] [thread 20108] [20.0] [cxt 0] Pipeline 'egress': start
[14:11:28.708] [bmv2] [T] [thread 20108] [20.0] [cxt 0] hw2.p4(417) Condition "hdr.request.specialRequest == 1" (node_34) is false
[14:11:28.708] [bmv2] [D] [thread 20108] [20.0] [cxt 0] Pipeline 'egress': end
[14:11:28.708] [bmv2] [D] [thread 20108] [20.0] [cxt 0] Deparser 'deparser': start
[14:11:28.708] [bmv2] [T] [thread 20108] [20.0] [cxt 0] Skipping checksum 'cksum' update because condition not met
[14:11:28.708] [bmv2] [D] [thread 20108] [20.0] [cxt 0] Deparsing header 'ethernet'
[14:11:28.708] [bmv2] [D] [thread 20108] [20.0] [cxt 0] Deparser 'deparser': end
[14:11:28.711] [bmv2] [D] [thread 20112] [20.0] [cxt 0] Transmitting packet of size 70 out of port 0
[14:11:29.219] [bmv2] [D] [thread 20107] [21.0] [cxt 0] Processing packet received on port 1
[14:11:29.219] [bmv2] [D] [thread 20107] [21.0] [cxt 0] Parser 'parser': start
[14:11:29.219] [bmv2] [D] [thread 20107] [21.0] [cxt 0] Parser 'parser' entering state 'start'
[14:11:29.219] [bmv2] [D] [thread 20107] [21.0] [cxt 0] Extracting header 'ethernet'
[14:11:29.219] [bmv2] [D] [thread 20107] [21.0] [cxt 0] Parser state 'start': key is 86dd
[14:11:29.219] [bmv2] [T] [thread 20107] [21.0] [cxt 0] Bytes parsed: 14
[14:11:29.219] [bmv2] [D] [thread 20107] [21.0] [cxt 0] Parser 'parser': end
[14:11:29.219] [bmv2] [D] [thread 20107] [21.0] [cxt 0] Pipeline 'ingress': start
[14:11:29.219] [bmv2] [T] [thread 20107] [21.0] [cxt 0] hw2.p4(342) Condition "hdr.ipv4.isValid()" (node_2) is false
[14:11:29.219] [bmv2] [T] [thread 20107] [21.0] [cxt 0] hw2.p4(345) Condition "hdr.request.isValid()" (node_4) is false
[14:11:29.219] [bmv2] [D] [thread 20107] [21.0] [cxt 0] Pipeline 'ingress': end
[14:11:29.219] [bmv2] [D] [thread 20107] [21.0] [cxt 0] Egress port is 0
[14:11:29.220] [bmv2] [D] [thread 20108] [21.0] [cxt 0] Pipeline 'egress': start
[14:11:29.220] [bmv2] [T] [thread 20108] [21.0] [cxt 0] hw2.p4(417) Condition "hdr.request.specialRequest == 1" (node_34) is false
[14:11:29.220] [bmv2] [D] [thread 20108] [21.0] [cxt 0] Pipeline 'egress': end
[14:11:29.220] [bmv2] [D] [thread 20108] [21.0] [cxt 0] Deparser 'deparser': start
[14:11:29.220] [bmv2] [T] [thread 20108] [21.0] [cxt 0] Skipping checksum 'cksum' update because condition not met
[14:11:29.220] [bmv2] [D] [thread 20108] [21.0] [cxt 0] Deparsing header 'ethernet'
[14:11:29.220] [bmv2] [D] [thread 20108] [21.0] [cxt 0] Deparser 'deparser': end
[14:11:29.220] [bmv2] [D] [thread 20112] [21.0] [cxt 0] Transmitting packet of size 70 out of port 0
[14:11:31.345] [bmv2] [D] [thread 20107] [22.0] [cxt 0] Processing packet received on port 2
[14:11:31.345] [bmv2] [D] [thread 20107] [22.0] [cxt 0] Parser 'parser': start
[14:11:31.345] [bmv2] [D] [thread 20107] [22.0] [cxt 0] Parser 'parser' entering state 'start'
[14:11:31.345] [bmv2] [D] [thread 20107] [22.0] [cxt 0] Extracting header 'ethernet'
[14:11:31.345] [bmv2] [D] [thread 20107] [22.0] [cxt 0] Parser state 'start': key is 86dd
[14:11:31.345] [bmv2] [T] [thread 20107] [22.0] [cxt 0] Bytes parsed: 14
[14:11:31.345] [bmv2] [D] [thread 20107] [22.0] [cxt 0] Parser 'parser': end
[14:11:31.345] [bmv2] [D] [thread 20107] [22.0] [cxt 0] Pipeline 'ingress': start
[14:11:31.345] [bmv2] [T] [thread 20107] [22.0] [cxt 0] hw2.p4(342) Condition "hdr.ipv4.isValid()" (node_2) is false
[14:11:31.345] [bmv2] [T] [thread 20107] [22.0] [cxt 0] hw2.p4(345) Condition "hdr.request.isValid()" (node_4) is false
[14:11:31.346] [bmv2] [D] [thread 20107] [22.0] [cxt 0] Pipeline 'ingress': end
[14:11:31.346] [bmv2] [D] [thread 20107] [22.0] [cxt 0] Egress port is 0
[14:11:31.346] [bmv2] [D] [thread 20108] [22.0] [cxt 0] Pipeline 'egress': start
[14:11:31.346] [bmv2] [T] [thread 20108] [22.0] [cxt 0] hw2.p4(417) Condition "hdr.request.specialRequest == 1" (node_34) is false
[14:11:31.346] [bmv2] [D] [thread 20108] [22.0] [cxt 0] Pipeline 'egress': end
[14:11:31.346] [bmv2] [D] [thread 20108] [22.0] [cxt 0] Deparser 'deparser': start
[14:11:31.346] [bmv2] [T] [thread 20108] [22.0] [cxt 0] Skipping checksum 'cksum' update because condition not met
[14:11:31.346] [bmv2] [D] [thread 20108] [22.0] [cxt 0] Deparsing header 'ethernet'
[14:11:31.346] [bmv2] [D] [thread 20108] [22.0] [cxt 0] Deparser 'deparser': end
[14:11:31.346] [bmv2] [D] [thread 20112] [22.0] [cxt 0] Transmitting packet of size 125 out of port 0
[14:11:31.864] [bmv2] [D] [thread 20107] [23.0] [cxt 0] Processing packet received on port 1
[14:11:31.864] [bmv2] [D] [thread 20107] [23.0] [cxt 0] Parser 'parser': start
[14:11:31.864] [bmv2] [D] [thread 20107] [23.0] [cxt 0] Parser 'parser' entering state 'start'
[14:11:31.864] [bmv2] [D] [thread 20107] [23.0] [cxt 0] Extracting header 'ethernet'
[14:11:31.864] [bmv2] [D] [thread 20107] [23.0] [cxt 0] Parser state 'start': key is 86dd
[14:11:31.864] [bmv2] [T] [thread 20107] [23.0] [cxt 0] Bytes parsed: 14
[14:11:31.864] [bmv2] [D] [thread 20107] [23.0] [cxt 0] Parser 'parser': end
[14:11:31.864] [bmv2] [D] [thread 20107] [23.0] [cxt 0] Pipeline 'ingress': start
[14:11:31.864] [bmv2] [T] [thread 20107] [23.0] [cxt 0] hw2.p4(342) Condition "hdr.ipv4.isValid()" (node_2) is false
[14:11:31.864] [bmv2] [T] [thread 20107] [23.0] [cxt 0] hw2.p4(345) Condition "hdr.request.isValid()" (node_4) is false
[14:11:31.864] [bmv2] [D] [thread 20107] [23.0] [cxt 0] Pipeline 'ingress': end
[14:11:31.864] [bmv2] [D] [thread 20107] [23.0] [cxt 0] Egress port is 0
[14:11:31.864] [bmv2] [D] [thread 20108] [23.0] [cxt 0] Pipeline 'egress': start
[14:11:31.864] [bmv2] [T] [thread 20108] [23.0] [cxt 0] hw2.p4(417) Condition "hdr.request.specialRequest == 1" (node_34) is false
[14:11:31.864] [bmv2] [D] [thread 20108] [23.0] [cxt 0] Pipeline 'egress': end
[14:11:31.864] [bmv2] [D] [thread 20108] [23.0] [cxt 0] Deparser 'deparser': start
[14:11:31.864] [bmv2] [T] [thread 20108] [23.0] [cxt 0] Skipping checksum 'cksum' update because condition not met
[14:11:31.864] [bmv2] [D] [thread 20108] [23.0] [cxt 0] Deparsing header 'ethernet'
[14:11:31.864] [bmv2] [D] [thread 20108] [23.0] [cxt 0] Deparser 'deparser': end
[14:11:31.864] [bmv2] [D] [thread 20112] [23.0] [cxt 0] Transmitting packet of size 125 out of port 0
[14:11:32.315] [bmv2] [D] [thread 20107] [24.0] [cxt 0] Processing packet received on port 1
[14:11:32.315] [bmv2] [D] [thread 20107] [24.0] [cxt 0] Parser 'parser': start
[14:11:32.315] [bmv2] [D] [thread 20107] [24.0] [cxt 0] Parser 'parser' entering state 'start'
[14:11:32.315] [bmv2] [D] [thread 20107] [24.0] [cxt 0] Extracting header 'ethernet'
[14:11:32.315] [bmv2] [D] [thread 20107] [24.0] [cxt 0] Parser state 'start': key is 86dd
[14:11:32.315] [bmv2] [T] [thread 20107] [24.0] [cxt 0] Bytes parsed: 14
[14:11:32.315] [bmv2] [D] [thread 20107] [24.0] [cxt 0] Parser 'parser': end
[14:11:32.315] [bmv2] [D] [thread 20107] [24.0] [cxt 0] Pipeline 'ingress': start
[14:11:32.315] [bmv2] [T] [thread 20107] [24.0] [cxt 0] hw2.p4(342) Condition "hdr.ipv4.isValid()" (node_2) is false
[14:11:32.315] [bmv2] [T] [thread 20107] [24.0] [cxt 0] hw2.p4(345) Condition "hdr.request.isValid()" (node_4) is false
[14:11:32.315] [bmv2] [D] [thread 20107] [24.0] [cxt 0] Pipeline 'ingress': end
[14:11:32.315] [bmv2] [D] [thread 20107] [24.0] [cxt 0] Egress port is 0
[14:11:32.315] [bmv2] [D] [thread 20108] [24.0] [cxt 0] Pipeline 'egress': start
[14:11:32.315] [bmv2] [T] [thread 20108] [24.0] [cxt 0] hw2.p4(417) Condition "hdr.request.specialRequest == 1" (node_34) is false
[14:11:32.315] [bmv2] [D] [thread 20108] [24.0] [cxt 0] Pipeline 'egress': end
[14:11:32.315] [bmv2] [D] [thread 20108] [24.0] [cxt 0] Deparser 'deparser': start
[14:11:32.315] [bmv2] [T] [thread 20108] [24.0] [cxt 0] Skipping checksum 'cksum' update because condition not met
[14:11:32.315] [bmv2] [D] [thread 20108] [24.0] [cxt 0] Deparsing header 'ethernet'
[14:11:32.315] [bmv2] [D] [thread 20108] [24.0] [cxt 0] Deparser 'deparser': end
[14:11:32.315] [bmv2] [D] [thread 20112] [24.0] [cxt 0] Transmitting packet of size 125 out of port 0
[14:11:37.165] [bmv2] [D] [thread 20107] [25.0] [cxt 0] Processing packet received on port 1
[14:11:37.165] [bmv2] [D] [thread 20107] [25.0] [cxt 0] Parser 'parser': start
[14:11:37.165] [bmv2] [D] [thread 20107] [25.0] [cxt 0] Parser 'parser' entering state 'start'
[14:11:37.165] [bmv2] [D] [thread 20107] [25.0] [cxt 0] Extracting header 'ethernet'
[14:11:37.165] [bmv2] [D] [thread 20107] [25.0] [cxt 0] Parser state 'start': key is 0829
[14:11:37.165] [bmv2] [T] [thread 20107] [25.0] [cxt 0] Bytes parsed: 14
[14:11:37.165] [bmv2] [D] [thread 20107] [25.0] [cxt 0] Parser 'parser' entering state 'parse_request'
[14:11:37.165] [bmv2] [D] [thread 20107] [25.0] [cxt 0] Extracting header 'request'
[14:11:37.165] [bmv2] [D] [thread 20107] [25.0] [cxt 0] Parser state 'parse_request': key is 0000
[14:11:37.165] [bmv2] [T] [thread 20107] [25.0] [cxt 0] Bytes parsed: 45
[14:11:37.165] [bmv2] [D] [thread 20107] [25.0] [cxt 0] Parser 'parser': end
[14:11:37.165] [bmv2] [D] [thread 20107] [25.0] [cxt 0] Pipeline 'ingress': start
[14:11:37.165] [bmv2] [T] [thread 20107] [25.0] [cxt 0] hw2.p4(342) Condition "hdr.ipv4.isValid()" (node_2) is false
[14:11:37.165] [bmv2] [T] [thread 20107] [25.0] [cxt 0] hw2.p4(345) Condition "hdr.request.isValid()" (node_4) is true
[14:11:37.165] [bmv2] [T] [thread 20107] [25.0] [cxt 0] hw2.p4(346) Condition "hdr.request.specialRequest == 0" (node_5) is false
[14:11:37.165] [bmv2] [T] [thread 20107] [25.0] [cxt 0] hw2.p4(366) Condition "hdr.request.specialRequest == 1" (node_12) is true
[14:11:37.165] [bmv2] [T] [thread 20107] [25.0] [cxt 0] hw2.p4(367) Condition "hdr.request.requestType == TYPE_SELECT" (node_13) is false
[14:11:37.165] [bmv2] [T] [thread 20107] [25.0] [cxt 0] hw2.p4(387) Condition "hdr.request.requestType == TYPE_RANGE" (node_25) is false
[14:11:37.165] [bmv2] [T] [thread 20107] [25.0] [cxt 0] hw2.p4(393) Condition "hdr.request.is_first != 0" (node_28) is true
[14:11:37.165] [bmv2] [T] [thread 20107] [25.0] [cxt 0] Applying table 'tbl_hw2l394'
[14:11:37.165] [bmv2] [D] [thread 20107] [25.0] [cxt 0] Looking up key:

[14:11:37.165] [bmv2] [D] [thread 20107] [25.0] [cxt 0] Table 'tbl_hw2l394': miss
[14:11:37.165] [bmv2] [D] [thread 20107] [25.0] [cxt 0] Action entry is hw2l394 - 
[14:11:37.165] [bmv2] [T] [thread 20107] [25.0] [cxt 0] Action hw2l394
[14:11:37.166] [bmv2] [T] [thread 20107] [25.0] [cxt 0] hw2.p4(394) Primitive hdr.request.is_first = 0
[14:11:37.166] [bmv2] [T] [thread 20107] [25.0] [cxt 0] hw2.p4(395) Primitive hdr.returnval[0].is_first = 1
[14:11:37.166] [bmv2] [T] [thread 20107] [25.0] [cxt 0] Applying table 'MyIngress.request_exact'
[14:11:37.166] [bmv2] [D] [thread 20107] [25.0] [cxt 0] Looking up key:
* hdr.request.requestType: 0002

[14:11:37.166] [bmv2] [D] [thread 20107] [25.0] [cxt 0] Table 'MyIngress.request_exact': hit with handle 1
[14:11:37.166] [bmv2] [D] [thread 20107] [25.0] [cxt 0] Dumping entry 1
Match key:
* hdr.request.requestType: EXACT     0002
Action entry: MyIngress.put_handler - 

[14:11:37.166] [bmv2] [D] [thread 20107] [25.0] [cxt 0] Action entry is MyIngress.put_handler - 
[14:11:37.166] [bmv2] [T] [thread 20107] [25.0] [cxt 0] Action MyIngress.put_handler
[14:11:37.166] [bmv2] [T] [thread 20107] [25.0] [cxt 0] hw2.p4(221) Primitive latest_version.read(vers, (bit<32>) hdr.request.key)
[14:11:37.166] [bmv2] [T] [thread 20107] [25.0] [cxt 0] Read register 'MyIngress.latest_version' at index 0 read value 0
[14:11:37.166] [bmv2] [T] [thread 20107] [25.0] [cxt 0] hw2.p4(223) Primitive (hdr.request.key * 6) + vers
[14:11:37.166] [bmv2] [T] [thread 20107] [25.0] [cxt 0] hw2.p4(223) Primitive db.write((bit<32>) ((hdr.request.key * 6) + vers), hdr.request.val)
[14:11:37.166] [bmv2] [T] [thread 20107] [25.0] [cxt 0] Wrote register 'MyIngress.db' at index 0 with value 10
[14:11:37.166] [bmv2] [T] [thread 20107] [25.0] [cxt 0] hw2.p4(226) Primitive newVers
[14:11:37.166] [bmv2] [T] [thread 20107] [25.0] [cxt 0] hw2.p4(226) Primitive latest_version.write((bit<32>) hdr.request.key, newVers)
[14:11:37.166] [bmv2] [T] [thread 20107] [25.0] [cxt 0] Wrote register 'MyIngress.latest_version' at index 0 with value 1
[14:11:37.166] [bmv2] [T] [thread 20107] [25.0] [cxt 0] hw2.p4(227) Primitive standard_metadata.egress_spec = 2
[14:11:37.166] [bmv2] [D] [thread 20107] [25.0] [cxt 0] Pipeline 'ingress': end
[14:11:37.166] [bmv2] [D] [thread 20107] [25.0] [cxt 0] Egress port is 2
[14:11:37.166] [bmv2] [D] [thread 20110] [25.0] [cxt 0] Pipeline 'egress': start
[14:11:37.166] [bmv2] [T] [thread 20110] [25.0] [cxt 0] hw2.p4(417) Condition "hdr.request.specialRequest == 1" (node_34) is true
[14:11:37.166] [bmv2] [T] [thread 20110] [25.0] [cxt 0] hw2.p4(418) Condition "(hdr.request.requestType == TYPE_RANGE) || (hdr.request.requestType == TYPE_SELECT)" (node_35) is false
[14:11:37.166] [bmv2] [D] [thread 20110] [25.0] [cxt 0] Pipeline 'egress': end
[14:11:37.166] [bmv2] [D] [thread 20110] [25.0] [cxt 0] Deparser 'deparser': start
[14:11:37.166] [bmv2] [T] [thread 20110] [25.0] [cxt 0] Skipping checksum 'cksum' update because condition not met
[14:11:37.166] [bmv2] [D] [thread 20110] [25.0] [cxt 0] Deparsing header 'ethernet'
[14:11:37.166] [bmv2] [D] [thread 20110] [25.0] [cxt 0] Deparsing header 'request'
[14:11:37.166] [bmv2] [D] [thread 20110] [25.0] [cxt 0] Deparser 'deparser': end
[14:11:37.166] [bmv2] [D] [thread 20112] [25.0] [cxt 0] Transmitting packet of size 45 out of port 2
[14:11:37.173] [bmv2] [D] [thread 20107] [26.0] [cxt 0] Processing packet received on port 1
[14:11:37.173] [bmv2] [D] [thread 20107] [26.0] [cxt 0] Parser 'parser': start
[14:11:37.173] [bmv2] [D] [thread 20107] [26.0] [cxt 0] Parser 'parser' entering state 'start'
[14:11:37.173] [bmv2] [D] [thread 20107] [26.0] [cxt 0] Extracting header 'ethernet'
[14:11:37.173] [bmv2] [D] [thread 20107] [26.0] [cxt 0] Parser state 'start': key is 0829
[14:11:37.173] [bmv2] [T] [thread 20107] [26.0] [cxt 0] Bytes parsed: 14
[14:11:37.173] [bmv2] [D] [thread 20107] [26.0] [cxt 0] Parser 'parser' entering state 'parse_request'
[14:11:37.173] [bmv2] [D] [thread 20107] [26.0] [cxt 0] Extracting header 'request'
[14:11:37.173] [bmv2] [D] [thread 20107] [26.0] [cxt 0] Parser state 'parse_request': key is 0828
[14:11:37.173] [bmv2] [T] [thread 20107] [26.0] [cxt 0] Bytes parsed: 45
[14:11:37.173] [bmv2] [D] [thread 20107] [26.0] [cxt 0] Parser 'parser' entering state 'parse_returnval'
[14:11:37.174] [bmv2] [D] [thread 20107] [26.0] [cxt 0] Extracting to header stack 0, next header is 6
[14:11:37.174] [bmv2] [D] [thread 20107] [26.0] [cxt 0] Parser state 'parse_returnval': key is 01
[14:11:37.174] [bmv2] [T] [thread 20107] [26.0] [cxt 0] Bytes parsed: 50
[14:11:37.174] [bmv2] [D] [thread 20107] [26.0] [cxt 0] Parser 'parser': end
[14:11:37.174] [bmv2] [D] [thread 20107] [26.0] [cxt 0] Pipeline 'ingress': start
[14:11:37.174] [bmv2] [T] [thread 20107] [26.0] [cxt 0] hw2.p4(342) Condition "hdr.ipv4.isValid()" (node_2) is false
[14:11:37.174] [bmv2] [T] [thread 20107] [26.0] [cxt 0] hw2.p4(345) Condition "hdr.request.isValid()" (node_4) is true
[14:11:37.174] [bmv2] [T] [thread 20107] [26.0] [cxt 0] hw2.p4(346) Condition "hdr.request.specialRequest == 0" (node_5) is false
[14:11:37.174] [bmv2] [T] [thread 20107] [26.0] [cxt 0] hw2.p4(366) Condition "hdr.request.specialRequest == 1" (node_12) is true
[14:11:37.174] [bmv2] [T] [thread 20107] [26.0] [cxt 0] hw2.p4(367) Condition "hdr.request.requestType == TYPE_SELECT" (node_13) is false
[14:11:37.174] [bmv2] [T] [thread 20107] [26.0] [cxt 0] hw2.p4(387) Condition "hdr.request.requestType == TYPE_RANGE" (node_25) is false
[14:11:37.174] [bmv2] [T] [thread 20107] [26.0] [cxt 0] hw2.p4(393) Condition "hdr.request.is_first != 0" (node_28) is true
[14:11:37.174] [bmv2] [T] [thread 20107] [26.0] [cxt 0] Applying table 'tbl_hw2l394'
[14:11:37.174] [bmv2] [D] [thread 20107] [26.0] [cxt 0] Looking up key:

[14:11:37.174] [bmv2] [D] [thread 20107] [26.0] [cxt 0] Table 'tbl_hw2l394': miss
[14:11:37.174] [bmv2] [D] [thread 20107] [26.0] [cxt 0] Action entry is hw2l394 - 
[14:11:37.174] [bmv2] [T] [thread 20107] [26.0] [cxt 0] Action hw2l394
[14:11:37.174] [bmv2] [T] [thread 20107] [26.0] [cxt 0] hw2.p4(394) Primitive hdr.request.is_first = 0
[14:11:37.174] [bmv2] [T] [thread 20107] [26.0] [cxt 0] hw2.p4(395) Primitive hdr.returnval[0].is_first = 1
[14:11:37.174] [bmv2] [T] [thread 20107] [26.0] [cxt 0] Applying table 'MyIngress.request_exact'
[14:11:37.174] [bmv2] [D] [thread 20107] [26.0] [cxt 0] Looking up key:
* hdr.request.requestType: 0001

[14:11:37.174] [bmv2] [D] [thread 20107] [26.0] [cxt 0] Table 'MyIngress.request_exact': hit with handle 0
[14:11:37.174] [bmv2] [D] [thread 20107] [26.0] [cxt 0] Dumping entry 0
Match key:
* hdr.request.requestType: EXACT     0001
Action entry: MyIngress.get_handler - 

[14:11:37.174] [bmv2] [D] [thread 20107] [26.0] [cxt 0] Action entry is MyIngress.get_handler - 
[14:11:37.174] [bmv2] [T] [thread 20107] [26.0] [cxt 0] Action MyIngress.get_handler
[14:11:37.174] [bmv2] [T] [thread 20107] [26.0] [cxt 0] hw2.p4(211) Primitive (hdr.request.key * 6) + hdr.request.version
[14:11:37.174] [bmv2] [T] [thread 20107] [26.0] [cxt 0] hw2.p4(211) Primitive db.read(val, (bit<32>) ((hdr.request.key * 6) + hdr.request.version))
[14:11:37.174] [bmv2] [T] [thread 20107] [26.0] [cxt 0] Read register 'MyIngress.db' at index 0 read value 10
[14:11:37.174] [bmv2] [T] [thread 20107] [26.0] [cxt 0] hw2.p4(213) Primitive hdr.returnval[0].val = val
[14:11:37.174] [bmv2] [T] [thread 20107] [26.0] [cxt 0] hw2.p4(214) Primitive standard_metadata.egress_spec = 2
[14:11:37.174] [bmv2] [D] [thread 20107] [26.0] [cxt 0] Pipeline 'ingress': end
[14:11:37.174] [bmv2] [D] [thread 20107] [26.0] [cxt 0] Egress port is 2
[14:11:37.174] [bmv2] [D] [thread 20110] [26.0] [cxt 0] Pipeline 'egress': start
[14:11:37.174] [bmv2] [T] [thread 20110] [26.0] [cxt 0] hw2.p4(417) Condition "hdr.request.specialRequest == 1" (node_34) is true
[14:11:37.174] [bmv2] [T] [thread 20110] [26.0] [cxt 0] hw2.p4(418) Condition "(hdr.request.requestType == TYPE_RANGE) || (hdr.request.requestType == TYPE_SELECT)" (node_35) is false
[14:11:37.174] [bmv2] [D] [thread 20110] [26.0] [cxt 0] Pipeline 'egress': end
[14:11:37.174] [bmv2] [D] [thread 20110] [26.0] [cxt 0] Deparser 'deparser': start
[14:11:37.174] [bmv2] [T] [thread 20110] [26.0] [cxt 0] Skipping checksum 'cksum' update because condition not met
[14:11:37.174] [bmv2] [D] [thread 20110] [26.0] [cxt 0] Deparsing header 'ethernet'
[14:11:37.174] [bmv2] [D] [thread 20110] [26.0] [cxt 0] Deparsing header 'request'
[14:11:37.174] [bmv2] [D] [thread 20110] [26.0] [cxt 0] Deparsing header 'returnval[0]'
[14:11:37.174] [bmv2] [D] [thread 20110] [26.0] [cxt 0] Deparser 'deparser': end
[14:11:37.174] [bmv2] [D] [thread 20112] [26.0] [cxt 0] Transmitting packet of size 50 out of port 2
[14:11:44.066] [bmv2] [D] [thread 20107] [27.0] [cxt 0] Processing packet received on port 1
[14:11:44.067] [bmv2] [D] [thread 20107] [27.0] [cxt 0] Parser 'parser': start
[14:11:44.067] [bmv2] [D] [thread 20107] [27.0] [cxt 0] Parser 'parser' entering state 'start'
[14:11:44.067] [bmv2] [D] [thread 20107] [27.0] [cxt 0] Extracting header 'ethernet'
[14:11:44.067] [bmv2] [D] [thread 20107] [27.0] [cxt 0] Parser state 'start': key is 86dd
[14:11:44.067] [bmv2] [T] [thread 20107] [27.0] [cxt 0] Bytes parsed: 14
[14:11:44.067] [bmv2] [D] [thread 20107] [27.0] [cxt 0] Parser 'parser': end
[14:11:44.067] [bmv2] [D] [thread 20107] [27.0] [cxt 0] Pipeline 'ingress': start
[14:11:44.067] [bmv2] [T] [thread 20107] [27.0] [cxt 0] hw2.p4(342) Condition "hdr.ipv4.isValid()" (node_2) is false
[14:11:44.067] [bmv2] [T] [thread 20107] [27.0] [cxt 0] hw2.p4(345) Condition "hdr.request.isValid()" (node_4) is false
[14:11:44.067] [bmv2] [D] [thread 20107] [27.0] [cxt 0] Pipeline 'ingress': end
[14:11:44.067] [bmv2] [D] [thread 20107] [27.0] [cxt 0] Egress port is 0
[14:11:44.067] [bmv2] [D] [thread 20108] [27.0] [cxt 0] Pipeline 'egress': start
[14:11:44.067] [bmv2] [T] [thread 20108] [27.0] [cxt 0] hw2.p4(417) Condition "hdr.request.specialRequest == 1" (node_34) is true
[14:11:44.067] [bmv2] [T] [thread 20108] [27.0] [cxt 0] hw2.p4(418) Condition "(hdr.request.requestType == TYPE_RANGE) || (hdr.request.requestType == TYPE_SELECT)" (node_35) is false
[14:11:44.067] [bmv2] [D] [thread 20108] [27.0] [cxt 0] Pipeline 'egress': end
[14:11:44.067] [bmv2] [D] [thread 20108] [27.0] [cxt 0] Deparser 'deparser': start
[14:11:44.067] [bmv2] [T] [thread 20108] [27.0] [cxt 0] Skipping checksum 'cksum' update because condition not met
[14:11:44.067] [bmv2] [D] [thread 20108] [27.0] [cxt 0] Deparsing header 'ethernet'
[14:11:44.067] [bmv2] [D] [thread 20108] [27.0] [cxt 0] Deparser 'deparser': end
[14:11:44.067] [bmv2] [D] [thread 20112] [27.0] [cxt 0] Transmitting packet of size 70 out of port 0
[14:11:44.325] [bmv2] [D] [thread 20107] [28.0] [cxt 0] Processing packet received on port 2
[14:11:44.325] [bmv2] [D] [thread 20107] [28.0] [cxt 0] Parser 'parser': start
[14:11:44.325] [bmv2] [D] [thread 20107] [28.0] [cxt 0] Parser 'parser' entering state 'start'
[14:11:44.325] [bmv2] [D] [thread 20107] [28.0] [cxt 0] Extracting header 'ethernet'
[14:11:44.325] [bmv2] [D] [thread 20107] [28.0] [cxt 0] Parser state 'start': key is 86dd
[14:11:44.325] [bmv2] [T] [thread 20107] [28.0] [cxt 0] Bytes parsed: 14
[14:11:44.325] [bmv2] [D] [thread 20107] [28.0] [cxt 0] Parser 'parser': end
[14:11:44.325] [bmv2] [D] [thread 20107] [28.0] [cxt 0] Pipeline 'ingress': start
[14:11:44.325] [bmv2] [T] [thread 20107] [28.0] [cxt 0] hw2.p4(342) Condition "hdr.ipv4.isValid()" (node_2) is false
[14:11:44.325] [bmv2] [T] [thread 20107] [28.0] [cxt 0] hw2.p4(345) Condition "hdr.request.isValid()" (node_4) is false
[14:11:44.325] [bmv2] [D] [thread 20107] [28.0] [cxt 0] Pipeline 'ingress': end
[14:11:44.325] [bmv2] [D] [thread 20107] [28.0] [cxt 0] Egress port is 0
[14:11:44.325] [bmv2] [D] [thread 20108] [28.0] [cxt 0] Pipeline 'egress': start
[14:11:44.325] [bmv2] [T] [thread 20108] [28.0] [cxt 0] hw2.p4(417) Condition "hdr.request.specialRequest == 1" (node_34) is true
[14:11:44.325] [bmv2] [T] [thread 20108] [28.0] [cxt 0] hw2.p4(418) Condition "(hdr.request.requestType == TYPE_RANGE) || (hdr.request.requestType == TYPE_SELECT)" (node_35) is false
[14:11:44.325] [bmv2] [D] [thread 20108] [28.0] [cxt 0] Pipeline 'egress': end
[14:11:44.325] [bmv2] [D] [thread 20108] [28.0] [cxt 0] Deparser 'deparser': start
[14:11:44.325] [bmv2] [T] [thread 20108] [28.0] [cxt 0] Skipping checksum 'cksum' update because condition not met
[14:11:44.325] [bmv2] [D] [thread 20108] [28.0] [cxt 0] Deparsing header 'ethernet'
[14:11:44.325] [bmv2] [D] [thread 20108] [28.0] [cxt 0] Deparser 'deparser': end
[14:11:44.325] [bmv2] [D] [thread 20112] [28.0] [cxt 0] Transmitting packet of size 70 out of port 0
[14:11:46.372] [bmv2] [D] [thread 20107] [29.0] [cxt 0] Processing packet received on port 1
[14:11:46.372] [bmv2] [D] [thread 20107] [29.0] [cxt 0] Parser 'parser': start
[14:11:46.372] [bmv2] [D] [thread 20107] [29.0] [cxt 0] Parser 'parser' entering state 'start'
[14:11:46.372] [bmv2] [D] [thread 20107] [29.0] [cxt 0] Extracting header 'ethernet'
[14:11:46.372] [bmv2] [D] [thread 20107] [29.0] [cxt 0] Parser state 'start': key is 86dd
[14:11:46.372] [bmv2] [T] [thread 20107] [29.0] [cxt 0] Bytes parsed: 14
[14:11:46.372] [bmv2] [D] [thread 20107] [29.0] [cxt 0] Parser 'parser': end
[14:11:46.372] [bmv2] [D] [thread 20107] [29.0] [cxt 0] Pipeline 'ingress': start
[14:11:46.372] [bmv2] [T] [thread 20107] [29.0] [cxt 0] hw2.p4(342) Condition "hdr.ipv4.isValid()" (node_2) is false
[14:11:46.372] [bmv2] [T] [thread 20107] [29.0] [cxt 0] hw2.p4(345) Condition "hdr.request.isValid()" (node_4) is false
[14:11:46.372] [bmv2] [D] [thread 20107] [29.0] [cxt 0] Pipeline 'ingress': end
[14:11:46.372] [bmv2] [D] [thread 20107] [29.0] [cxt 0] Egress port is 0
[14:11:46.372] [bmv2] [D] [thread 20108] [29.0] [cxt 0] Pipeline 'egress': start
[14:11:46.372] [bmv2] [T] [thread 20108] [29.0] [cxt 0] hw2.p4(417) Condition "hdr.request.specialRequest == 1" (node_34) is true
[14:11:46.373] [bmv2] [T] [thread 20108] [29.0] [cxt 0] hw2.p4(418) Condition "(hdr.request.requestType == TYPE_RANGE) || (hdr.request.requestType == TYPE_SELECT)" (node_35) is false
[14:11:46.373] [bmv2] [D] [thread 20108] [29.0] [cxt 0] Pipeline 'egress': end
[14:11:46.373] [bmv2] [D] [thread 20108] [29.0] [cxt 0] Deparser 'deparser': start
[14:11:46.373] [bmv2] [T] [thread 20108] [29.0] [cxt 0] Skipping checksum 'cksum' update because condition not met
[14:11:46.373] [bmv2] [D] [thread 20108] [29.0] [cxt 0] Deparsing header 'ethernet'
[14:11:46.373] [bmv2] [D] [thread 20108] [29.0] [cxt 0] Deparser 'deparser': end
[14:11:46.373] [bmv2] [D] [thread 20112] [29.0] [cxt 0] Transmitting packet of size 70 out of port 0
[14:11:47.350] [bmv2] [D] [thread 20107] [30.0] [cxt 0] Processing packet received on port 2
[14:11:47.350] [bmv2] [D] [thread 20107] [30.0] [cxt 0] Parser 'parser': start
[14:11:47.350] [bmv2] [D] [thread 20107] [30.0] [cxt 0] Parser 'parser' entering state 'start'
[14:11:47.350] [bmv2] [D] [thread 20107] [30.0] [cxt 0] Extracting header 'ethernet'
[14:11:47.350] [bmv2] [D] [thread 20107] [30.0] [cxt 0] Parser state 'start': key is 86dd
[14:11:47.350] [bmv2] [T] [thread 20107] [30.0] [cxt 0] Bytes parsed: 14
[14:11:47.350] [bmv2] [D] [thread 20107] [30.0] [cxt 0] Parser 'parser': end
[14:11:47.350] [bmv2] [D] [thread 20107] [30.0] [cxt 0] Pipeline 'ingress': start
[14:11:47.350] [bmv2] [T] [thread 20107] [30.0] [cxt 0] hw2.p4(342) Condition "hdr.ipv4.isValid()" (node_2) is false
[14:11:47.350] [bmv2] [T] [thread 20107] [30.0] [cxt 0] hw2.p4(345) Condition "hdr.request.isValid()" (node_4) is false
[14:11:47.350] [bmv2] [D] [thread 20107] [30.0] [cxt 0] Pipeline 'ingress': end
[14:11:47.350] [bmv2] [D] [thread 20107] [30.0] [cxt 0] Egress port is 0
[14:11:47.350] [bmv2] [D] [thread 20108] [30.0] [cxt 0] Pipeline 'egress': start
[14:11:47.350] [bmv2] [T] [thread 20108] [30.0] [cxt 0] hw2.p4(417) Condition "hdr.request.specialRequest == 1" (node_34) is true
[14:11:47.350] [bmv2] [T] [thread 20108] [30.0] [cxt 0] hw2.p4(418) Condition "(hdr.request.requestType == TYPE_RANGE) || (hdr.request.requestType == TYPE_SELECT)" (node_35) is false
[14:11:47.350] [bmv2] [D] [thread 20108] [30.0] [cxt 0] Pipeline 'egress': end
[14:11:47.350] [bmv2] [D] [thread 20108] [30.0] [cxt 0] Deparser 'deparser': start
[14:11:47.350] [bmv2] [T] [thread 20108] [30.0] [cxt 0] Skipping checksum 'cksum' update because condition not met
[14:11:47.350] [bmv2] [D] [thread 20108] [30.0] [cxt 0] Deparsing header 'ethernet'
[14:11:47.350] [bmv2] [D] [thread 20108] [30.0] [cxt 0] Deparser 'deparser': end
[14:11:47.350] [bmv2] [D] [thread 20112] [30.0] [cxt 0] Transmitting packet of size 125 out of port 0
[14:11:47.864] [bmv2] [D] [thread 20107] [31.0] [cxt 0] Processing packet received on port 1
[14:11:47.864] [bmv2] [D] [thread 20107] [31.0] [cxt 0] Parser 'parser': start
[14:11:47.864] [bmv2] [D] [thread 20107] [31.0] [cxt 0] Parser 'parser' entering state 'start'
[14:11:47.864] [bmv2] [D] [thread 20107] [31.0] [cxt 0] Extracting header 'ethernet'
[14:11:47.864] [bmv2] [D] [thread 20107] [31.0] [cxt 0] Parser state 'start': key is 86dd
[14:11:47.864] [bmv2] [T] [thread 20107] [31.0] [cxt 0] Bytes parsed: 14
[14:11:47.864] [bmv2] [D] [thread 20107] [31.0] [cxt 0] Parser 'parser': end
[14:11:47.864] [bmv2] [D] [thread 20107] [31.0] [cxt 0] Pipeline 'ingress': start
[14:11:47.864] [bmv2] [T] [thread 20107] [31.0] [cxt 0] hw2.p4(342) Condition "hdr.ipv4.isValid()" (node_2) is false
[14:11:47.864] [bmv2] [T] [thread 20107] [31.0] [cxt 0] hw2.p4(345) Condition "hdr.request.isValid()" (node_4) is false
[14:11:47.864] [bmv2] [D] [thread 20107] [31.0] [cxt 0] Pipeline 'ingress': end
[14:11:47.864] [bmv2] [D] [thread 20107] [31.0] [cxt 0] Egress port is 0
[14:11:47.864] [bmv2] [D] [thread 20108] [31.0] [cxt 0] Pipeline 'egress': start
[14:11:47.864] [bmv2] [T] [thread 20108] [31.0] [cxt 0] hw2.p4(417) Condition "hdr.request.specialRequest == 1" (node_34) is true
[14:11:47.864] [bmv2] [T] [thread 20108] [31.0] [cxt 0] hw2.p4(418) Condition "(hdr.request.requestType == TYPE_RANGE) || (hdr.request.requestType == TYPE_SELECT)" (node_35) is false
[14:11:47.864] [bmv2] [D] [thread 20108] [31.0] [cxt 0] Pipeline 'egress': end
[14:11:47.864] [bmv2] [D] [thread 20108] [31.0] [cxt 0] Deparser 'deparser': start
[14:11:47.864] [bmv2] [T] [thread 20108] [31.0] [cxt 0] Skipping checksum 'cksum' update because condition not met
[14:11:47.864] [bmv2] [D] [thread 20108] [31.0] [cxt 0] Deparsing header 'ethernet'
[14:11:47.864] [bmv2] [D] [thread 20108] [31.0] [cxt 0] Deparser 'deparser': end
[14:11:47.864] [bmv2] [D] [thread 20112] [31.0] [cxt 0] Transmitting packet of size 125 out of port 0
[14:11:48.312] [bmv2] [D] [thread 20107] [32.0] [cxt 0] Processing packet received on port 1
[14:11:48.312] [bmv2] [D] [thread 20107] [32.0] [cxt 0] Parser 'parser': start
[14:11:48.312] [bmv2] [D] [thread 20107] [32.0] [cxt 0] Parser 'parser' entering state 'start'
[14:11:48.312] [bmv2] [D] [thread 20107] [32.0] [cxt 0] Extracting header 'ethernet'
[14:11:48.312] [bmv2] [D] [thread 20107] [32.0] [cxt 0] Parser state 'start': key is 86dd
[14:11:48.312] [bmv2] [T] [thread 20107] [32.0] [cxt 0] Bytes parsed: 14
[14:11:48.312] [bmv2] [D] [thread 20107] [32.0] [cxt 0] Parser 'parser': end
[14:11:48.312] [bmv2] [D] [thread 20107] [32.0] [cxt 0] Pipeline 'ingress': start
[14:11:48.312] [bmv2] [T] [thread 20107] [32.0] [cxt 0] hw2.p4(342) Condition "hdr.ipv4.isValid()" (node_2) is false
[14:11:48.312] [bmv2] [T] [thread 20107] [32.0] [cxt 0] hw2.p4(345) Condition "hdr.request.isValid()" (node_4) is false
[14:11:48.312] [bmv2] [D] [thread 20107] [32.0] [cxt 0] Pipeline 'ingress': end
[14:11:48.312] [bmv2] [D] [thread 20107] [32.0] [cxt 0] Egress port is 0
[14:11:48.312] [bmv2] [D] [thread 20108] [32.0] [cxt 0] Pipeline 'egress': start
[14:11:48.312] [bmv2] [T] [thread 20108] [32.0] [cxt 0] hw2.p4(417) Condition "hdr.request.specialRequest == 1" (node_34) is true
[14:11:48.312] [bmv2] [T] [thread 20108] [32.0] [cxt 0] hw2.p4(418) Condition "(hdr.request.requestType == TYPE_RANGE) || (hdr.request.requestType == TYPE_SELECT)" (node_35) is false
[14:11:48.312] [bmv2] [D] [thread 20108] [32.0] [cxt 0] Pipeline 'egress': end
[14:11:48.312] [bmv2] [D] [thread 20108] [32.0] [cxt 0] Deparser 'deparser': start
[14:11:48.312] [bmv2] [T] [thread 20108] [32.0] [cxt 0] Skipping checksum 'cksum' update because condition not met
[14:11:48.312] [bmv2] [D] [thread 20108] [32.0] [cxt 0] Deparsing header 'ethernet'
[14:11:48.312] [bmv2] [D] [thread 20108] [32.0] [cxt 0] Deparser 'deparser': end
[14:11:48.313] [bmv2] [D] [thread 20112] [32.0] [cxt 0] Transmitting packet of size 125 out of port 0
open: No such file or directory
open: No such file or directory
open: No such file or directory
open: No such file or directory
open: No such file or directory
