Calling target program-options parser
[14:11:18.300] [bmv2] [D] [thread 20114] Set default default entry for table 'MyIngress.ipv4_lpm': MyIngress.drop - 
[14:11:18.301] [bmv2] [D] [thread 20114] Set default default entry for table 'tbl_hw2l348': hw2l348 - 
[14:11:18.301] [bmv2] [D] [thread 20114] Set default default entry for table 'tbl_hw2l352': hw2l352 - 
[14:11:18.301] [bmv2] [D] [thread 20114] Set default default entry for table 'tbl_hw2l355': hw2l355 - 
[14:11:18.301] [bmv2] [D] [thread 20114] Set default default entry for table 'tbl_hw2l360': hw2l360 - 
[14:11:18.301] [bmv2] [D] [thread 20114] Set default default entry for table 'tbl_hw2l368': hw2l368 - 
[14:11:18.301] [bmv2] [D] [thread 20114] Set default default entry for table 'tbl_hw2l372': hw2l372 - 
[14:11:18.301] [bmv2] [D] [thread 20114] Set default default entry for table 'tbl_hw2l375': hw2l375 - 
[14:11:18.301] [bmv2] [D] [thread 20114] Set default default entry for table 'tbl_hw2l377': hw2l377 - 
[14:11:18.301] [bmv2] [D] [thread 20114] Set default default entry for table 'tbl_hw2l380': hw2l380 - 
[14:11:18.301] [bmv2] [D] [thread 20114] Set default default entry for table 'tbl_hw2l383': hw2l383 - 
[14:11:18.301] [bmv2] [D] [thread 20114] Set default default entry for table 'tbl_hw2l390': hw2l390 - 
[14:11:18.301] [bmv2] [D] [thread 20114] Set default default entry for table 'tbl_hw2l394': hw2l394 - 
[14:11:18.301] [bmv2] [D] [thread 20114] Set default default entry for table 'tbl_hw2l397': hw2l397 - 
[14:11:18.301] [bmv2] [D] [thread 20114] Set default default entry for table 'MyIngress.request_exact': MyIngress.drop - 
[14:11:18.302] [bmv2] [D] [thread 20114] Set default default entry for table 'tbl_hw2l419': hw2l419 - 
Adding interface s3-eth1 as port 1
[14:11:18.308] [bmv2] [D] [thread 20114] Adding interface s3-eth1 as port 1
Adding interface s3-eth2 as port 2
[14:11:18.340] [bmv2] [D] [thread 20114] Adding interface s3-eth2 as port 2
Server listening on 0.0.0.0:50053
[14:11:18.384] [bmv2] [I] [thread 20114] Starting Thrift server on port 9092
[14:11:18.386] [bmv2] [I] [thread 20114] Thrift server was started
[14:11:18.403] [bmv2] [D] [thread 20124] [0.0] [cxt 0] Processing packet received on port 1
[14:11:18.403] [bmv2] [D] [thread 20124] [0.0] [cxt 0] Parser 'parser': start
[14:11:18.403] [bmv2] [D] [thread 20124] [0.0] [cxt 0] Parser 'parser' entering state 'start'
[14:11:18.403] [bmv2] [D] [thread 20124] [0.0] [cxt 0] Extracting header 'ethernet'
[14:11:18.403] [bmv2] [D] [thread 20124] [0.0] [cxt 0] Parser state 'start': key is 86dd
[14:11:18.403] [bmv2] [T] [thread 20124] [0.0] [cxt 0] Bytes parsed: 14
[14:11:18.403] [bmv2] [D] [thread 20124] [0.0] [cxt 0] Parser 'parser': end
[14:11:18.403] [bmv2] [D] [thread 20124] [0.0] [cxt 0] Pipeline 'ingress': start
[14:11:18.403] [bmv2] [T] [thread 20124] [0.0] [cxt 0] hw2.p4(342) Condition "hdr.ipv4.isValid()" (node_2) is false
[14:11:18.403] [bmv2] [T] [thread 20124] [0.0] [cxt 0] hw2.p4(345) Condition "hdr.request.isValid()" (node_4) is false
[14:11:18.403] [bmv2] [D] [thread 20124] [0.0] [cxt 0] Pipeline 'ingress': end
[14:11:18.403] [bmv2] [D] [thread 20124] [0.0] [cxt 0] Egress port is 0
[14:11:18.403] [bmv2] [D] [thread 20125] [0.0] [cxt 0] Pipeline 'egress': start
[14:11:18.403] [bmv2] [T] [thread 20125] [0.0] [cxt 0] hw2.p4(417) Condition "hdr.request.specialRequest == 1" (node_34) is false
[14:11:18.404] [bmv2] [D] [thread 20125] [0.0] [cxt 0] Pipeline 'egress': end
[14:11:18.404] [bmv2] [D] [thread 20125] [0.0] [cxt 0] Deparser 'deparser': start
[14:11:18.404] [bmv2] [T] [thread 20125] [0.0] [cxt 0] Skipping checksum 'cksum' update because condition not met
[14:11:18.404] [bmv2] [D] [thread 20125] [0.0] [cxt 0] Deparsing header 'ethernet'
[14:11:18.404] [bmv2] [D] [thread 20125] [0.0] [cxt 0] Deparser 'deparser': end
[14:11:18.404] [bmv2] [D] [thread 20129] [0.0] [cxt 0] Transmitting packet of size 201 out of port 0
[14:11:18.404] [bmv2] [D] [thread 20124] [1.0] [cxt 0] Processing packet received on port 1
[14:11:18.404] [bmv2] [D] [thread 20124] [1.0] [cxt 0] Parser 'parser': start
[14:11:18.404] [bmv2] [D] [thread 20124] [1.0] [cxt 0] Parser 'parser' entering state 'start'
[14:11:18.404] [bmv2] [D] [thread 20124] [1.0] [cxt 0] Extracting header 'ethernet'
[14:11:18.404] [bmv2] [D] [thread 20124] [1.0] [cxt 0] Parser state 'start': key is 86dd
[14:11:18.404] [bmv2] [T] [thread 20124] [1.0] [cxt 0] Bytes parsed: 14
[14:11:18.404] [bmv2] [D] [thread 20124] [1.0] [cxt 0] Parser 'parser': end
[14:11:18.404] [bmv2] [D] [thread 20124] [1.0] [cxt 0] Pipeline 'ingress': start
[14:11:18.404] [bmv2] [T] [thread 20124] [1.0] [cxt 0] hw2.p4(342) Condition "hdr.ipv4.isValid()" (node_2) is false
[14:11:18.404] [bmv2] [T] [thread 20124] [1.0] [cxt 0] hw2.p4(345) Condition "hdr.request.isValid()" (node_4) is false
[14:11:18.405] [bmv2] [D] [thread 20124] [1.0] [cxt 0] Pipeline 'ingress': end
[14:11:18.405] [bmv2] [D] [thread 20124] [1.0] [cxt 0] Egress port is 0
[14:11:18.405] [bmv2] [D] [thread 20125] [1.0] [cxt 0] Pipeline 'egress': start
[14:11:18.405] [bmv2] [T] [thread 20125] [1.0] [cxt 0] hw2.p4(417) Condition "hdr.request.specialRequest == 1" (node_34) is false
[14:11:18.405] [bmv2] [D] [thread 20125] [1.0] [cxt 0] Pipeline 'egress': end
[14:11:18.405] [bmv2] [D] [thread 20125] [1.0] [cxt 0] Deparser 'deparser': start
[14:11:18.405] [bmv2] [T] [thread 20125] [1.0] [cxt 0] Skipping checksum 'cksum' update because condition not met
[14:11:18.405] [bmv2] [D] [thread 20125] [1.0] [cxt 0] Deparsing header 'ethernet'
[14:11:18.405] [bmv2] [D] [thread 20125] [1.0] [cxt 0] Deparser 'deparser': end
[14:11:18.405] [bmv2] [D] [thread 20129] [1.0] [cxt 0] Transmitting packet of size 213 out of port 0
[14:11:18.579] [bmv2] [D] [thread 20124] [2.0] [cxt 0] Processing packet received on port 1
[14:11:18.579] [bmv2] [D] [thread 20124] [2.0] [cxt 0] Parser 'parser': start
[14:11:18.579] [bmv2] [D] [thread 20124] [2.0] [cxt 0] Parser 'parser' entering state 'start'
[14:11:18.579] [bmv2] [D] [thread 20124] [2.0] [cxt 0] Extracting header 'ethernet'
[14:11:18.579] [bmv2] [D] [thread 20124] [2.0] [cxt 0] Parser state 'start': key is 86dd
[14:11:18.579] [bmv2] [T] [thread 20124] [2.0] [cxt 0] Bytes parsed: 14
[14:11:18.579] [bmv2] [D] [thread 20124] [2.0] [cxt 0] Parser 'parser': end
[14:11:18.579] [bmv2] [D] [thread 20124] [2.0] [cxt 0] Pipeline 'ingress': start
[14:11:18.579] [bmv2] [T] [thread 20124] [2.0] [cxt 0] hw2.p4(342) Condition "hdr.ipv4.isValid()" (node_2) is false
[14:11:18.579] [bmv2] [T] [thread 20124] [2.0] [cxt 0] hw2.p4(345) Condition "hdr.request.isValid()" (node_4) is false
[14:11:18.579] [bmv2] [D] [thread 20124] [2.0] [cxt 0] Pipeline 'ingress': end
[14:11:18.579] [bmv2] [D] [thread 20124] [2.0] [cxt 0] Egress port is 0
[14:11:18.579] [bmv2] [D] [thread 20125] [2.0] [cxt 0] Pipeline 'egress': start
[14:11:18.579] [bmv2] [T] [thread 20125] [2.0] [cxt 0] hw2.p4(417) Condition "hdr.request.specialRequest == 1" (node_34) is false
[14:11:18.579] [bmv2] [D] [thread 20125] [2.0] [cxt 0] Pipeline 'egress': end
[14:11:18.579] [bmv2] [D] [thread 20125] [2.0] [cxt 0] Deparser 'deparser': start
[14:11:18.579] [bmv2] [T] [thread 20125] [2.0] [cxt 0] Skipping checksum 'cksum' update because condition not met
[14:11:18.579] [bmv2] [D] [thread 20125] [2.0] [cxt 0] Deparsing header 'ethernet'
[14:11:18.579] [bmv2] [D] [thread 20125] [2.0] [cxt 0] Deparser 'deparser': end
[14:11:18.579] [bmv2] [D] [thread 20129] [2.0] [cxt 0] Transmitting packet of size 125 out of port 0
[14:11:18.640] [bmv2] [D] [thread 20124] [3.0] [cxt 0] Processing packet received on port 1
[14:11:18.641] [bmv2] [D] [thread 20124] [3.0] [cxt 0] Parser 'parser': start
[14:11:18.641] [bmv2] [D] [thread 20124] [3.0] [cxt 0] Parser 'parser' entering state 'start'
[14:11:18.641] [bmv2] [D] [thread 20124] [3.0] [cxt 0] Extracting header 'ethernet'
[14:11:18.641] [bmv2] [D] [thread 20124] [3.0] [cxt 0] Parser state 'start': key is 86dd
[14:11:18.641] [bmv2] [T] [thread 20124] [3.0] [cxt 0] Bytes parsed: 14
[14:11:18.641] [bmv2] [D] [thread 20124] [3.0] [cxt 0] Parser 'parser': end
[14:11:18.641] [bmv2] [D] [thread 20124] [3.0] [cxt 0] Pipeline 'ingress': start
[14:11:18.641] [bmv2] [T] [thread 20124] [3.0] [cxt 0] hw2.p4(342) Condition "hdr.ipv4.isValid()" (node_2) is false
[14:11:18.641] [bmv2] [T] [thread 20124] [3.0] [cxt 0] hw2.p4(345) Condition "hdr.request.isValid()" (node_4) is false
[14:11:18.641] [bmv2] [D] [thread 20124] [3.0] [cxt 0] Pipeline 'ingress': end
[14:11:18.641] [bmv2] [D] [thread 20124] [3.0] [cxt 0] Egress port is 0
[14:11:18.641] [bmv2] [D] [thread 20125] [3.0] [cxt 0] Pipeline 'egress': start
[14:11:18.641] [bmv2] [T] [thread 20125] [3.0] [cxt 0] hw2.p4(417) Condition "hdr.request.specialRequest == 1" (node_34) is false
[14:11:18.641] [bmv2] [D] [thread 20125] [3.0] [cxt 0] Pipeline 'egress': end
[14:11:18.641] [bmv2] [D] [thread 20125] [3.0] [cxt 0] Deparser 'deparser': start
[14:11:18.641] [bmv2] [T] [thread 20125] [3.0] [cxt 0] Skipping checksum 'cksum' update because condition not met
[14:11:18.641] [bmv2] [D] [thread 20125] [3.0] [cxt 0] Deparsing header 'ethernet'
[14:11:18.641] [bmv2] [D] [thread 20125] [3.0] [cxt 0] Deparser 'deparser': end
[14:11:18.641] [bmv2] [D] [thread 20129] [3.0] [cxt 0] Transmitting packet of size 213 out of port 0
[14:11:18.676] [bmv2] [D] [thread 20124] [4.0] [cxt 0] Processing packet received on port 2
[14:11:18.676] [bmv2] [D] [thread 20124] [4.0] [cxt 0] Parser 'parser': start
[14:11:18.676] [bmv2] [D] [thread 20124] [4.0] [cxt 0] Parser 'parser' entering state 'start'
[14:11:18.676] [bmv2] [D] [thread 20124] [4.0] [cxt 0] Extracting header 'ethernet'
[14:11:18.676] [bmv2] [D] [thread 20124] [4.0] [cxt 0] Parser state 'start': key is 86dd
[14:11:18.676] [bmv2] [T] [thread 20124] [4.0] [cxt 0] Bytes parsed: 14
[14:11:18.676] [bmv2] [D] [thread 20124] [4.0] [cxt 0] Parser 'parser': end
[14:11:18.676] [bmv2] [D] [thread 20124] [4.0] [cxt 0] Pipeline 'ingress': start
[14:11:18.677] [bmv2] [T] [thread 20124] [4.0] [cxt 0] hw2.p4(342) Condition "hdr.ipv4.isValid()" (node_2) is false
[14:11:18.677] [bmv2] [T] [thread 20124] [4.0] [cxt 0] hw2.p4(345) Condition "hdr.request.isValid()" (node_4) is false
[14:11:18.677] [bmv2] [D] [thread 20124] [4.0] [cxt 0] Pipeline 'ingress': end
[14:11:18.677] [bmv2] [D] [thread 20124] [4.0] [cxt 0] Egress port is 0
[14:11:18.677] [bmv2] [D] [thread 20125] [4.0] [cxt 0] Pipeline 'egress': start
[14:11:18.677] [bmv2] [T] [thread 20125] [4.0] [cxt 0] hw2.p4(417) Condition "hdr.request.specialRequest == 1" (node_34) is false
[14:11:18.677] [bmv2] [D] [thread 20125] [4.0] [cxt 0] Pipeline 'egress': end
[14:11:18.677] [bmv2] [D] [thread 20125] [4.0] [cxt 0] Deparser 'deparser': start
[14:11:18.677] [bmv2] [T] [thread 20125] [4.0] [cxt 0] Skipping checksum 'cksum' update because condition not met
[14:11:18.677] [bmv2] [D] [thread 20125] [4.0] [cxt 0] Deparsing header 'ethernet'
[14:11:18.677] [bmv2] [D] [thread 20125] [4.0] [cxt 0] Deparser 'deparser': end
[14:11:18.677] [bmv2] [D] [thread 20129] [4.0] [cxt 0] Transmitting packet of size 201 out of port 0
[14:11:18.848] [bmv2] [D] [thread 20124] [5.0] [cxt 0] Processing packet received on port 1
[14:11:18.848] [bmv2] [D] [thread 20124] [5.0] [cxt 0] Parser 'parser': start
[14:11:18.848] [bmv2] [D] [thread 20124] [5.0] [cxt 0] Parser 'parser' entering state 'start'
[14:11:18.848] [bmv2] [D] [thread 20124] [5.0] [cxt 0] Extracting header 'ethernet'
[14:11:18.848] [bmv2] [D] [thread 20124] [5.0] [cxt 0] Parser state 'start': key is 86dd
[14:11:18.848] [bmv2] [T] [thread 20124] [5.0] [cxt 0] Bytes parsed: 14
[14:11:18.848] [bmv2] [D] [thread 20124] [5.0] [cxt 0] Parser 'parser': end
[14:11:18.848] [bmv2] [D] [thread 20124] [5.0] [cxt 0] Pipeline 'ingress': start
[14:11:18.848] [bmv2] [T] [thread 20124] [5.0] [cxt 0] hw2.p4(342) Condition "hdr.ipv4.isValid()" (node_2) is false
[14:11:18.848] [bmv2] [T] [thread 20124] [5.0] [cxt 0] hw2.p4(345) Condition "hdr.request.isValid()" (node_4) is false
[14:11:18.848] [bmv2] [D] [thread 20124] [5.0] [cxt 0] Pipeline 'ingress': end
[14:11:18.848] [bmv2] [D] [thread 20124] [5.0] [cxt 0] Egress port is 0
[14:11:18.848] [bmv2] [D] [thread 20125] [5.0] [cxt 0] Pipeline 'egress': start
[14:11:18.848] [bmv2] [T] [thread 20125] [5.0] [cxt 0] hw2.p4(417) Condition "hdr.request.specialRequest == 1" (node_34) is false
[14:11:18.848] [bmv2] [D] [thread 20125] [5.0] [cxt 0] Pipeline 'egress': end
[14:11:18.848] [bmv2] [D] [thread 20125] [5.0] [cxt 0] Deparser 'deparser': start
[14:11:18.848] [bmv2] [T] [thread 20125] [5.0] [cxt 0] Skipping checksum 'cksum' update because condition not met
[14:11:18.848] [bmv2] [D] [thread 20125] [5.0] [cxt 0] Deparsing header 'ethernet'
[14:11:18.848] [bmv2] [D] [thread 20125] [5.0] [cxt 0] Deparser 'deparser': end
[14:11:18.848] [bmv2] [D] [thread 20129] [5.0] [cxt 0] Transmitting packet of size 201 out of port 0
[14:11:19.037] [bmv2] [D] [thread 20124] [6.0] [cxt 0] Processing packet received on port 1
[14:11:19.037] [bmv2] [D] [thread 20124] [6.0] [cxt 0] Parser 'parser': start
[14:11:19.037] [bmv2] [D] [thread 20124] [6.0] [cxt 0] Parser 'parser' entering state 'start'
[14:11:19.037] [bmv2] [D] [thread 20124] [6.0] [cxt 0] Extracting header 'ethernet'
[14:11:19.037] [bmv2] [D] [thread 20124] [6.0] [cxt 0] Parser state 'start': key is 86dd
[14:11:19.037] [bmv2] [T] [thread 20124] [6.0] [cxt 0] Bytes parsed: 14
[14:11:19.037] [bmv2] [D] [thread 20124] [6.0] [cxt 0] Parser 'parser': end
[14:11:19.037] [bmv2] [D] [thread 20124] [6.0] [cxt 0] Pipeline 'ingress': start
[14:11:19.037] [bmv2] [T] [thread 20124] [6.0] [cxt 0] hw2.p4(342) Condition "hdr.ipv4.isValid()" (node_2) is false
[14:11:19.037] [bmv2] [T] [thread 20124] [6.0] [cxt 0] hw2.p4(345) Condition "hdr.request.isValid()" (node_4) is false
[14:11:19.037] [bmv2] [D] [thread 20124] [6.0] [cxt 0] Pipeline 'ingress': end
[14:11:19.037] [bmv2] [D] [thread 20124] [6.0] [cxt 0] Egress port is 0
[14:11:19.037] [bmv2] [D] [thread 20125] [6.0] [cxt 0] Pipeline 'egress': start
[14:11:19.037] [bmv2] [T] [thread 20125] [6.0] [cxt 0] hw2.p4(417) Condition "hdr.request.specialRequest == 1" (node_34) is false
[14:11:19.037] [bmv2] [D] [thread 20125] [6.0] [cxt 0] Pipeline 'egress': end
[14:11:19.037] [bmv2] [D] [thread 20125] [6.0] [cxt 0] Deparser 'deparser': start
[14:11:19.037] [bmv2] [T] [thread 20125] [6.0] [cxt 0] Skipping checksum 'cksum' update because condition not met
[14:11:19.037] [bmv2] [D] [thread 20125] [6.0] [cxt 0] Deparsing header 'ethernet'
[14:11:19.037] [bmv2] [D] [thread 20125] [6.0] [cxt 0] Deparser 'deparser': end
[14:11:19.037] [bmv2] [D] [thread 20129] [6.0] [cxt 0] Transmitting packet of size 125 out of port 0
[14:11:19.530] [bmv2] [D] [thread 20124] [7.0] [cxt 0] Processing packet received on port 1
[14:11:19.530] [bmv2] [D] [thread 20124] [7.0] [cxt 0] Parser 'parser': start
[14:11:19.530] [bmv2] [D] [thread 20124] [7.0] [cxt 0] Parser 'parser' entering state 'start'
[14:11:19.530] [bmv2] [D] [thread 20124] [7.0] [cxt 0] Extracting header 'ethernet'
[14:11:19.530] [bmv2] [D] [thread 20124] [7.0] [cxt 0] Parser state 'start': key is 86dd
[14:11:19.530] [bmv2] [T] [thread 20124] [7.0] [cxt 0] Bytes parsed: 14
[14:11:19.530] [bmv2] [D] [thread 20124] [7.0] [cxt 0] Parser 'parser': end
[14:11:19.530] [bmv2] [D] [thread 20124] [7.0] [cxt 0] Pipeline 'ingress': start
[14:11:19.530] [bmv2] [T] [thread 20124] [7.0] [cxt 0] hw2.p4(342) Condition "hdr.ipv4.isValid()" (node_2) is false
[14:11:19.530] [bmv2] [T] [thread 20124] [7.0] [cxt 0] hw2.p4(345) Condition "hdr.request.isValid()" (node_4) is false
[14:11:19.530] [bmv2] [D] [thread 20124] [7.0] [cxt 0] Pipeline 'ingress': end
[14:11:19.530] [bmv2] [D] [thread 20124] [7.0] [cxt 0] Egress port is 0
[14:11:19.530] [bmv2] [D] [thread 20125] [7.0] [cxt 0] Pipeline 'egress': start
[14:11:19.530] [bmv2] [T] [thread 20125] [7.0] [cxt 0] hw2.p4(417) Condition "hdr.request.specialRequest == 1" (node_34) is false
[14:11:19.530] [bmv2] [D] [thread 20125] [7.0] [cxt 0] Pipeline 'egress': end
[14:11:19.530] [bmv2] [D] [thread 20125] [7.0] [cxt 0] Deparser 'deparser': start
[14:11:19.530] [bmv2] [T] [thread 20125] [7.0] [cxt 0] Skipping checksum 'cksum' update because condition not met
[14:11:19.530] [bmv2] [D] [thread 20125] [7.0] [cxt 0] Deparsing header 'ethernet'
[14:11:19.530] [bmv2] [D] [thread 20125] [7.0] [cxt 0] Deparser 'deparser': end
[14:11:19.530] [bmv2] [D] [thread 20129] [7.0] [cxt 0] Transmitting packet of size 201 out of port 0
[14:11:19.734] [bmv2] [D] [thread 20124] [8.0] [cxt 0] Processing packet received on port 2
[14:11:19.734] [bmv2] [D] [thread 20124] [8.0] [cxt 0] Parser 'parser': start
[14:11:19.734] [bmv2] [D] [thread 20124] [8.0] [cxt 0] Parser 'parser' entering state 'start'
[14:11:19.734] [bmv2] [D] [thread 20124] [8.0] [cxt 0] Extracting header 'ethernet'
[14:11:19.734] [bmv2] [D] [thread 20124] [8.0] [cxt 0] Parser state 'start': key is 86dd
[14:11:19.734] [bmv2] [T] [thread 20124] [8.0] [cxt 0] Bytes parsed: 14
[14:11:19.734] [bmv2] [D] [thread 20124] [8.0] [cxt 0] Parser 'parser': end
[14:11:19.734] [bmv2] [D] [thread 20124] [8.0] [cxt 0] Pipeline 'ingress': start
[14:11:19.734] [bmv2] [T] [thread 20124] [8.0] [cxt 0] hw2.p4(342) Condition "hdr.ipv4.isValid()" (node_2) is false
[14:11:19.734] [bmv2] [T] [thread 20124] [8.0] [cxt 0] hw2.p4(345) Condition "hdr.request.isValid()" (node_4) is false
[14:11:19.734] [bmv2] [D] [thread 20124] [8.0] [cxt 0] Pipeline 'ingress': end
[14:11:19.734] [bmv2] [D] [thread 20124] [8.0] [cxt 0] Egress port is 0
[14:11:19.734] [bmv2] [D] [thread 20125] [8.0] [cxt 0] Pipeline 'egress': start
[14:11:19.734] [bmv2] [T] [thread 20125] [8.0] [cxt 0] hw2.p4(417) Condition "hdr.request.specialRequest == 1" (node_34) is false
[14:11:19.734] [bmv2] [D] [thread 20125] [8.0] [cxt 0] Pipeline 'egress': end
[14:11:19.734] [bmv2] [D] [thread 20125] [8.0] [cxt 0] Deparser 'deparser': start
[14:11:19.734] [bmv2] [T] [thread 20125] [8.0] [cxt 0] Skipping checksum 'cksum' update because condition not met
[14:11:19.734] [bmv2] [D] [thread 20125] [8.0] [cxt 0] Deparsing header 'ethernet'
[14:11:19.734] [bmv2] [D] [thread 20125] [8.0] [cxt 0] Deparser 'deparser': end
[14:11:19.734] [bmv2] [D] [thread 20129] [8.0] [cxt 0] Transmitting packet of size 125 out of port 0
[14:11:19.996] [bmv2] [D] [thread 20124] [9.0] [cxt 0] Processing packet received on port 1
[14:11:19.996] [bmv2] [D] [thread 20124] [9.0] [cxt 0] Parser 'parser': start
[14:11:19.996] [bmv2] [D] [thread 20124] [9.0] [cxt 0] Parser 'parser' entering state 'start'
[14:11:19.996] [bmv2] [D] [thread 20124] [9.0] [cxt 0] Extracting header 'ethernet'
[14:11:19.996] [bmv2] [D] [thread 20124] [9.0] [cxt 0] Parser state 'start': key is 86dd
[14:11:19.996] [bmv2] [T] [thread 20124] [9.0] [cxt 0] Bytes parsed: 14
[14:11:19.996] [bmv2] [D] [thread 20124] [9.0] [cxt 0] Parser 'parser': end
[14:11:19.996] [bmv2] [D] [thread 20124] [9.0] [cxt 0] Pipeline 'ingress': start
[14:11:19.996] [bmv2] [T] [thread 20124] [9.0] [cxt 0] hw2.p4(342) Condition "hdr.ipv4.isValid()" (node_2) is false
[14:11:19.996] [bmv2] [T] [thread 20124] [9.0] [cxt 0] hw2.p4(345) Condition "hdr.request.isValid()" (node_4) is false
[14:11:19.996] [bmv2] [D] [thread 20124] [9.0] [cxt 0] Pipeline 'ingress': end
[14:11:19.996] [bmv2] [D] [thread 20124] [9.0] [cxt 0] Egress port is 0
[14:11:19.996] [bmv2] [D] [thread 20125] [9.0] [cxt 0] Pipeline 'egress': start
[14:11:19.996] [bmv2] [T] [thread 20125] [9.0] [cxt 0] hw2.p4(417) Condition "hdr.request.specialRequest == 1" (node_34) is false
[14:11:19.996] [bmv2] [D] [thread 20125] [9.0] [cxt 0] Pipeline 'egress': end
[14:11:19.996] [bmv2] [D] [thread 20125] [9.0] [cxt 0] Deparser 'deparser': start
[14:11:19.996] [bmv2] [T] [thread 20125] [9.0] [cxt 0] Skipping checksum 'cksum' update because condition not met
[14:11:19.996] [bmv2] [D] [thread 20125] [9.0] [cxt 0] Deparsing header 'ethernet'
[14:11:19.996] [bmv2] [D] [thread 20125] [9.0] [cxt 0] Deparser 'deparser': end
[14:11:19.996] [bmv2] [D] [thread 20129] [9.0] [cxt 0] Transmitting packet of size 201 out of port 0
[14:11:20.581] [bmv2] [D] [thread 20124] [10.0] [cxt 0] Processing packet received on port 1
[14:11:20.581] [bmv2] [D] [thread 20124] [10.0] [cxt 0] Parser 'parser': start
[14:11:20.581] [bmv2] [D] [thread 20124] [10.0] [cxt 0] Parser 'parser' entering state 'start'
[14:11:20.581] [bmv2] [D] [thread 20124] [10.0] [cxt 0] Extracting header 'ethernet'
[14:11:20.581] [bmv2] [D] [thread 20124] [10.0] [cxt 0] Parser state 'start': key is 86dd
[14:11:20.581] [bmv2] [T] [thread 20124] [10.0] [cxt 0] Bytes parsed: 14
[14:11:20.581] [bmv2] [D] [thread 20124] [10.0] [cxt 0] Parser 'parser': end
[14:11:20.581] [bmv2] [D] [thread 20124] [10.0] [cxt 0] Pipeline 'ingress': start
[14:11:20.581] [bmv2] [T] [thread 20124] [10.0] [cxt 0] hw2.p4(342) Condition "hdr.ipv4.isValid()" (node_2) is false
[14:11:20.581] [bmv2] [T] [thread 20124] [10.0] [cxt 0] hw2.p4(345) Condition "hdr.request.isValid()" (node_4) is false
[14:11:20.581] [bmv2] [D] [thread 20124] [10.0] [cxt 0] Pipeline 'ingress': end
[14:11:20.581] [bmv2] [D] [thread 20124] [10.0] [cxt 0] Egress port is 0
[14:11:20.581] [bmv2] [D] [thread 20125] [10.0] [cxt 0] Pipeline 'egress': start
[14:11:20.581] [bmv2] [T] [thread 20125] [10.0] [cxt 0] hw2.p4(417) Condition "hdr.request.specialRequest == 1" (node_34) is false
[14:11:20.581] [bmv2] [D] [thread 20125] [10.0] [cxt 0] Pipeline 'egress': end
[14:11:20.581] [bmv2] [D] [thread 20125] [10.0] [cxt 0] Deparser 'deparser': start
[14:11:20.581] [bmv2] [T] [thread 20125] [10.0] [cxt 0] Skipping checksum 'cksum' update because condition not met
[14:11:20.581] [bmv2] [D] [thread 20125] [10.0] [cxt 0] Deparsing header 'ethernet'
[14:11:20.581] [bmv2] [D] [thread 20125] [10.0] [cxt 0] Deparser 'deparser': end
[14:11:20.581] [bmv2] [D] [thread 20129] [10.0] [cxt 0] Transmitting packet of size 125 out of port 0
[14:11:20.827] [bmv2] [D] [thread 20124] [11.0] [cxt 0] Processing packet received on port 2
[14:11:20.827] [bmv2] [D] [thread 20124] [11.0] [cxt 0] Parser 'parser': start
[14:11:20.827] [bmv2] [D] [thread 20124] [11.0] [cxt 0] Parser 'parser' entering state 'start'
[14:11:20.827] [bmv2] [D] [thread 20124] [11.0] [cxt 0] Extracting header 'ethernet'
[14:11:20.827] [bmv2] [D] [thread 20124] [11.0] [cxt 0] Parser state 'start': key is 86dd
[14:11:20.827] [bmv2] [T] [thread 20124] [11.0] [cxt 0] Bytes parsed: 14
[14:11:20.827] [bmv2] [D] [thread 20124] [11.0] [cxt 0] Parser 'parser': end
[14:11:20.827] [bmv2] [D] [thread 20124] [11.0] [cxt 0] Pipeline 'ingress': start
[14:11:20.827] [bmv2] [T] [thread 20124] [11.0] [cxt 0] hw2.p4(342) Condition "hdr.ipv4.isValid()" (node_2) is false
[14:11:20.827] [bmv2] [T] [thread 20124] [11.0] [cxt 0] hw2.p4(345) Condition "hdr.request.isValid()" (node_4) is false
[14:11:20.827] [bmv2] [D] [thread 20124] [11.0] [cxt 0] Pipeline 'ingress': end
[14:11:20.827] [bmv2] [D] [thread 20124] [11.0] [cxt 0] Egress port is 0
[14:11:20.828] [bmv2] [D] [thread 20125] [11.0] [cxt 0] Pipeline 'egress': start
[14:11:20.828] [bmv2] [T] [thread 20125] [11.0] [cxt 0] hw2.p4(417) Condition "hdr.request.specialRequest == 1" (node_34) is false
[14:11:20.828] [bmv2] [D] [thread 20125] [11.0] [cxt 0] Pipeline 'egress': end
[14:11:20.828] [bmv2] [D] [thread 20125] [11.0] [cxt 0] Deparser 'deparser': start
[14:11:20.828] [bmv2] [T] [thread 20125] [11.0] [cxt 0] Skipping checksum 'cksum' update because condition not met
[14:11:20.828] [bmv2] [D] [thread 20125] [11.0] [cxt 0] Deparsing header 'ethernet'
[14:11:20.828] [bmv2] [D] [thread 20125] [11.0] [cxt 0] Deparser 'deparser': end
[14:11:20.828] [bmv2] [D] [thread 20129] [11.0] [cxt 0] Transmitting packet of size 201 out of port 0
[14:11:21.028] [bmv2] [D] [thread 20124] [12.0] [cxt 0] Processing packet received on port 2
[14:11:21.028] [bmv2] [D] [thread 20124] [12.0] [cxt 0] Parser 'parser': start
[14:11:21.028] [bmv2] [D] [thread 20124] [12.0] [cxt 0] Parser 'parser' entering state 'start'
[14:11:21.028] [bmv2] [D] [thread 20124] [12.0] [cxt 0] Extracting header 'ethernet'
[14:11:21.028] [bmv2] [D] [thread 20124] [12.0] [cxt 0] Parser state 'start': key is 86dd
[14:11:21.028] [bmv2] [T] [thread 20124] [12.0] [cxt 0] Bytes parsed: 14
[14:11:21.028] [bmv2] [D] [thread 20124] [12.0] [cxt 0] Parser 'parser': end
[14:11:21.028] [bmv2] [D] [thread 20124] [12.0] [cxt 0] Pipeline 'ingress': start
[14:11:21.028] [bmv2] [T] [thread 20124] [12.0] [cxt 0] hw2.p4(342) Condition "hdr.ipv4.isValid()" (node_2) is false
[14:11:21.028] [bmv2] [T] [thread 20124] [12.0] [cxt 0] hw2.p4(345) Condition "hdr.request.isValid()" (node_4) is false
[14:11:21.028] [bmv2] [D] [thread 20124] [12.0] [cxt 0] Pipeline 'ingress': end
[14:11:21.028] [bmv2] [D] [thread 20124] [12.0] [cxt 0] Egress port is 0
[14:11:21.028] [bmv2] [D] [thread 20125] [12.0] [cxt 0] Pipeline 'egress': start
[14:11:21.028] [bmv2] [T] [thread 20125] [12.0] [cxt 0] hw2.p4(417) Condition "hdr.request.specialRequest == 1" (node_34) is false
[14:11:21.028] [bmv2] [D] [thread 20125] [12.0] [cxt 0] Pipeline 'egress': end
[14:11:21.028] [bmv2] [D] [thread 20125] [12.0] [cxt 0] Deparser 'deparser': start
[14:11:21.028] [bmv2] [T] [thread 20125] [12.0] [cxt 0] Skipping checksum 'cksum' update because condition not met
[14:11:21.028] [bmv2] [D] [thread 20125] [12.0] [cxt 0] Deparsing header 'ethernet'
[14:11:21.028] [bmv2] [D] [thread 20125] [12.0] [cxt 0] Deparser 'deparser': end
[14:11:21.028] [bmv2] [D] [thread 20129] [12.0] [cxt 0] Transmitting packet of size 70 out of port 0
[14:11:21.042] [bmv2] [D] [thread 20124] [13.0] [cxt 0] Processing packet received on port 1
[14:11:21.042] [bmv2] [D] [thread 20124] [13.0] [cxt 0] Parser 'parser': start
[14:11:21.042] [bmv2] [D] [thread 20124] [13.0] [cxt 0] Parser 'parser' entering state 'start'
[14:11:21.043] [bmv2] [D] [thread 20124] [13.0] [cxt 0] Extracting header 'ethernet'
[14:11:21.043] [bmv2] [D] [thread 20124] [13.0] [cxt 0] Parser state 'start': key is 86dd
[14:11:21.043] [bmv2] [T] [thread 20124] [13.0] [cxt 0] Bytes parsed: 14
[14:11:21.043] [bmv2] [D] [thread 20124] [13.0] [cxt 0] Parser 'parser': end
[14:11:21.043] [bmv2] [D] [thread 20124] [13.0] [cxt 0] Pipeline 'ingress': start
[14:11:21.043] [bmv2] [T] [thread 20124] [13.0] [cxt 0] hw2.p4(342) Condition "hdr.ipv4.isValid()" (node_2) is false
[14:11:21.043] [bmv2] [T] [thread 20124] [13.0] [cxt 0] hw2.p4(345) Condition "hdr.request.isValid()" (node_4) is false
[14:11:21.043] [bmv2] [D] [thread 20124] [13.0] [cxt 0] Pipeline 'ingress': end
[14:11:21.043] [bmv2] [D] [thread 20124] [13.0] [cxt 0] Egress port is 0
[14:11:21.043] [bmv2] [D] [thread 20125] [13.0] [cxt 0] Pipeline 'egress': start
[14:11:21.043] [bmv2] [T] [thread 20125] [13.0] [cxt 0] hw2.p4(417) Condition "hdr.request.specialRequest == 1" (node_34) is false
[14:11:21.043] [bmv2] [D] [thread 20125] [13.0] [cxt 0] Pipeline 'egress': end
[14:11:21.043] [bmv2] [D] [thread 20125] [13.0] [cxt 0] Deparser 'deparser': start
[14:11:21.043] [bmv2] [T] [thread 20125] [13.0] [cxt 0] Skipping checksum 'cksum' update because condition not met
[14:11:21.043] [bmv2] [D] [thread 20125] [13.0] [cxt 0] Deparsing header 'ethernet'
[14:11:21.043] [bmv2] [D] [thread 20125] [13.0] [cxt 0] Deparser 'deparser': end
[14:11:21.043] [bmv2] [D] [thread 20129] [13.0] [cxt 0] Transmitting packet of size 125 out of port 0
[14:11:21.177] [bmv2] [W] [thread 20183] [P4Runtime] p4::tmp::P4DeviceConfig is deprecated
[14:11:21.197] [bmv2] [D] [thread 20183] Set default default entry for table 'MyIngress.ipv4_lpm': MyIngress.drop - 
[14:11:21.197] [bmv2] [D] [thread 20183] Set default default entry for table 'tbl_hw2l348': hw2l348 - 
[14:11:21.197] [bmv2] [D] [thread 20183] Set default default entry for table 'tbl_hw2l352': hw2l352 - 
[14:11:21.197] [bmv2] [D] [thread 20183] Set default default entry for table 'tbl_hw2l355': hw2l355 - 
[14:11:21.197] [bmv2] [D] [thread 20183] Set default default entry for table 'tbl_hw2l360': hw2l360 - 
[14:11:21.197] [bmv2] [D] [thread 20183] Set default default entry for table 'tbl_hw2l368': hw2l368 - 
[14:11:21.197] [bmv2] [D] [thread 20183] Set default default entry for table 'tbl_hw2l372': hw2l372 - 
[14:11:21.198] [bmv2] [D] [thread 20183] Set default default entry for table 'tbl_hw2l375': hw2l375 - 
[14:11:21.198] [bmv2] [D] [thread 20183] Set default default entry for table 'tbl_hw2l377': hw2l377 - 
[14:11:21.198] [bmv2] [D] [thread 20183] Set default default entry for table 'tbl_hw2l380': hw2l380 - 
[14:11:21.198] [bmv2] [D] [thread 20183] Set default default entry for table 'tbl_hw2l383': hw2l383 - 
[14:11:21.198] [bmv2] [D] [thread 20183] Set default default entry for table 'tbl_hw2l390': hw2l390 - 
[14:11:21.198] [bmv2] [D] [thread 20183] Set default default entry for table 'tbl_hw2l394': hw2l394 - 
[14:11:21.198] [bmv2] [D] [thread 20183] Set default default entry for table 'tbl_hw2l397': hw2l397 - 
[14:11:21.198] [bmv2] [D] [thread 20183] Set default default entry for table 'MyIngress.request_exact': MyIngress.drop - 
[14:11:21.198] [bmv2] [D] [thread 20183] Set default default entry for table 'tbl_hw2l419': hw2l419 - 
[14:11:21.202] [bmv2] [D] [thread 20183] simple_switch target has been notified of a config swap
[14:11:21.215] [bmv2] [D] [thread 20184] Set default entry for table 'MyIngress.ipv4_lpm': MyIngress.drop - 
[14:11:21.216] [bmv2] [D] [thread 20184] Entry 0 added to table 'MyIngress.ipv4_lpm'
[14:11:21.217] [bmv2] [D] [thread 20184] Dumping entry 0
Match key:
* hdr.ipv4.dstAddr    : LPM       0a000101/32
Action entry: MyIngress.ipv4_forward - 80000000111,1,

[14:11:21.217] [bmv2] [D] [thread 20184] Entry 1 added to table 'MyIngress.ipv4_lpm'
[14:11:21.218] [bmv2] [D] [thread 20184] Dumping entry 1
Match key:
* hdr.ipv4.dstAddr    : LPM       0a000202/32
Action entry: MyIngress.ipv4_forward - 80000000222,1,

[14:11:21.218] [bmv2] [D] [thread 20184] Set default entry for table 'MyIngress.request_exact': MyIngress.drop - 
[14:11:21.220] [bmv2] [D] [thread 20184] Entry 0 added to table 'MyIngress.request_exact'
[14:11:21.220] [bmv2] [D] [thread 20184] Dumping entry 0
Match key:
* hdr.request.requestType: EXACT     0001
Action entry: MyIngress.get_handler - 

[14:11:21.222] [bmv2] [D] [thread 20184] Entry 1 added to table 'MyIngress.request_exact'
[14:11:21.222] [bmv2] [D] [thread 20184] Dumping entry 1
Match key:
* hdr.request.requestType: EXACT     0002
Action entry: MyIngress.put_handler - 

[14:11:21.233] [bmv2] [D] [thread 20189] Entry 2 added to table 'MyIngress.request_exact'
[14:11:21.233] [bmv2] [D] [thread 20189] Dumping entry 2
Match key:
* hdr.request.requestType: EXACT     0003
Action entry: MyIngress.range_handler - 

[14:11:21.238] [bmv2] [D] [thread 20189] Entry 3 added to table 'MyIngress.request_exact'
[14:11:21.239] [bmv2] [D] [thread 20189] Dumping entry 3
Match key:
* hdr.request.requestType: EXACT     0005
Action entry: MyIngress.ping_handler - 

[14:11:21.549] [bmv2] [D] [thread 20124] [14.0] [cxt 0] Processing packet received on port 1
[14:11:21.549] [bmv2] [D] [thread 20124] [14.0] [cxt 0] Parser 'parser': start
[14:11:21.549] [bmv2] [D] [thread 20124] [14.0] [cxt 0] Parser 'parser' entering state 'start'
[14:11:21.549] [bmv2] [D] [thread 20124] [14.0] [cxt 0] Extracting header 'ethernet'
[14:11:21.549] [bmv2] [D] [thread 20124] [14.0] [cxt 0] Parser state 'start': key is 86dd
[14:11:21.549] [bmv2] [T] [thread 20124] [14.0] [cxt 0] Bytes parsed: 14
[14:11:21.549] [bmv2] [D] [thread 20124] [14.0] [cxt 0] Parser 'parser': end
[14:11:21.549] [bmv2] [D] [thread 20124] [14.0] [cxt 0] Pipeline 'ingress': start
[14:11:21.549] [bmv2] [T] [thread 20124] [14.0] [cxt 0] hw2.p4(342) Condition "hdr.ipv4.isValid()" (node_2) is false
[14:11:21.549] [bmv2] [T] [thread 20124] [14.0] [cxt 0] hw2.p4(345) Condition "hdr.request.isValid()" (node_4) is false
[14:11:21.549] [bmv2] [D] [thread 20124] [14.0] [cxt 0] Pipeline 'ingress': end
[14:11:21.549] [bmv2] [D] [thread 20124] [14.0] [cxt 0] Egress port is 0
[14:11:21.549] [bmv2] [D] [thread 20125] [14.0] [cxt 0] Pipeline 'egress': start
[14:11:21.549] [bmv2] [T] [thread 20125] [14.0] [cxt 0] hw2.p4(417) Condition "hdr.request.specialRequest == 1" (node_34) is false
[14:11:21.549] [bmv2] [D] [thread 20125] [14.0] [cxt 0] Pipeline 'egress': end
[14:11:21.549] [bmv2] [D] [thread 20125] [14.0] [cxt 0] Deparser 'deparser': start
[14:11:21.549] [bmv2] [T] [thread 20125] [14.0] [cxt 0] Skipping checksum 'cksum' update because condition not met
[14:11:21.549] [bmv2] [D] [thread 20125] [14.0] [cxt 0] Deparsing header 'ethernet'
[14:11:21.549] [bmv2] [D] [thread 20125] [14.0] [cxt 0] Deparser 'deparser': end
[14:11:21.549] [bmv2] [D] [thread 20129] [14.0] [cxt 0] Transmitting packet of size 70 out of port 0
[14:11:21.678] [bmv2] [D] [thread 20124] [15.0] [cxt 0] Processing packet received on port 1
[14:11:21.678] [bmv2] [D] [thread 20124] [15.0] [cxt 0] Parser 'parser': start
[14:11:21.678] [bmv2] [D] [thread 20124] [15.0] [cxt 0] Parser 'parser' entering state 'start'
[14:11:21.678] [bmv2] [D] [thread 20124] [15.0] [cxt 0] Extracting header 'ethernet'
[14:11:21.678] [bmv2] [D] [thread 20124] [15.0] [cxt 0] Parser state 'start': key is 86dd
[14:11:21.678] [bmv2] [T] [thread 20124] [15.0] [cxt 0] Bytes parsed: 14
[14:11:21.678] [bmv2] [D] [thread 20124] [15.0] [cxt 0] Parser 'parser': end
[14:11:21.678] [bmv2] [D] [thread 20124] [15.0] [cxt 0] Pipeline 'ingress': start
[14:11:21.678] [bmv2] [T] [thread 20124] [15.0] [cxt 0] hw2.p4(342) Condition "hdr.ipv4.isValid()" (node_2) is false
[14:11:21.678] [bmv2] [T] [thread 20124] [15.0] [cxt 0] hw2.p4(345) Condition "hdr.request.isValid()" (node_4) is false
[14:11:21.679] [bmv2] [D] [thread 20124] [15.0] [cxt 0] Pipeline 'ingress': end
[14:11:21.679] [bmv2] [D] [thread 20124] [15.0] [cxt 0] Egress port is 0
[14:11:21.679] [bmv2] [D] [thread 20125] [15.0] [cxt 0] Pipeline 'egress': start
[14:11:21.679] [bmv2] [T] [thread 20125] [15.0] [cxt 0] hw2.p4(417) Condition "hdr.request.specialRequest == 1" (node_34) is false
[14:11:21.679] [bmv2] [D] [thread 20125] [15.0] [cxt 0] Pipeline 'egress': end
[14:11:21.679] [bmv2] [D] [thread 20125] [15.0] [cxt 0] Deparser 'deparser': start
[14:11:21.679] [bmv2] [T] [thread 20125] [15.0] [cxt 0] Skipping checksum 'cksum' update because condition not met
[14:11:21.679] [bmv2] [D] [thread 20125] [15.0] [cxt 0] Deparsing header 'ethernet'
[14:11:21.679] [bmv2] [D] [thread 20125] [15.0] [cxt 0] Deparser 'deparser': end
[14:11:21.679] [bmv2] [D] [thread 20129] [15.0] [cxt 0] Transmitting packet of size 201 out of port 0
[14:11:22.051] [bmv2] [D] [thread 20124] [16.0] [cxt 0] Processing packet received on port 1
[14:11:22.051] [bmv2] [D] [thread 20124] [16.0] [cxt 0] Parser 'parser': start
[14:11:22.051] [bmv2] [D] [thread 20124] [16.0] [cxt 0] Parser 'parser' entering state 'start'
[14:11:22.051] [bmv2] [D] [thread 20124] [16.0] [cxt 0] Extracting header 'ethernet'
[14:11:22.052] [bmv2] [D] [thread 20124] [16.0] [cxt 0] Parser state 'start': key is 86dd
[14:11:22.052] [bmv2] [T] [thread 20124] [16.0] [cxt 0] Bytes parsed: 14
[14:11:22.052] [bmv2] [D] [thread 20124] [16.0] [cxt 0] Parser 'parser': end
[14:11:22.052] [bmv2] [D] [thread 20124] [16.0] [cxt 0] Pipeline 'ingress': start
[14:11:22.052] [bmv2] [T] [thread 20124] [16.0] [cxt 0] hw2.p4(342) Condition "hdr.ipv4.isValid()" (node_2) is false
[14:11:22.052] [bmv2] [T] [thread 20124] [16.0] [cxt 0] hw2.p4(345) Condition "hdr.request.isValid()" (node_4) is false
[14:11:22.052] [bmv2] [D] [thread 20124] [16.0] [cxt 0] Pipeline 'ingress': end
[14:11:22.052] [bmv2] [D] [thread 20124] [16.0] [cxt 0] Egress port is 0
[14:11:22.052] [bmv2] [D] [thread 20125] [16.0] [cxt 0] Pipeline 'egress': start
[14:11:22.052] [bmv2] [T] [thread 20125] [16.0] [cxt 0] hw2.p4(417) Condition "hdr.request.specialRequest == 1" (node_34) is false
[14:11:22.052] [bmv2] [D] [thread 20125] [16.0] [cxt 0] Pipeline 'egress': end
[14:11:22.052] [bmv2] [D] [thread 20125] [16.0] [cxt 0] Deparser 'deparser': start
[14:11:22.052] [bmv2] [T] [thread 20125] [16.0] [cxt 0] Skipping checksum 'cksum' update because condition not met
[14:11:22.052] [bmv2] [D] [thread 20125] [16.0] [cxt 0] Deparsing header 'ethernet'
[14:11:22.052] [bmv2] [D] [thread 20125] [16.0] [cxt 0] Deparser 'deparser': end
[14:11:22.052] [bmv2] [D] [thread 20129] [16.0] [cxt 0] Transmitting packet of size 70 out of port 0
[14:11:22.144] [bmv2] [D] [thread 20124] [17.0] [cxt 0] Processing packet received on port 1
[14:11:22.144] [bmv2] [D] [thread 20124] [17.0] [cxt 0] Parser 'parser': start
[14:11:22.144] [bmv2] [D] [thread 20124] [17.0] [cxt 0] Parser 'parser' entering state 'start'
[14:11:22.144] [bmv2] [D] [thread 20124] [17.0] [cxt 0] Extracting header 'ethernet'
[14:11:22.144] [bmv2] [D] [thread 20124] [17.0] [cxt 0] Parser state 'start': key is 86dd
[14:11:22.144] [bmv2] [T] [thread 20124] [17.0] [cxt 0] Bytes parsed: 14
[14:11:22.144] [bmv2] [D] [thread 20124] [17.0] [cxt 0] Parser 'parser': end
[14:11:22.144] [bmv2] [D] [thread 20124] [17.0] [cxt 0] Pipeline 'ingress': start
[14:11:22.144] [bmv2] [T] [thread 20124] [17.0] [cxt 0] hw2.p4(342) Condition "hdr.ipv4.isValid()" (node_2) is false
[14:11:22.144] [bmv2] [T] [thread 20124] [17.0] [cxt 0] hw2.p4(345) Condition "hdr.request.isValid()" (node_4) is false
[14:11:22.144] [bmv2] [D] [thread 20124] [17.0] [cxt 0] Pipeline 'ingress': end
[14:11:22.144] [bmv2] [D] [thread 20124] [17.0] [cxt 0] Egress port is 0
[14:11:22.144] [bmv2] [D] [thread 20125] [17.0] [cxt 0] Pipeline 'egress': start
[14:11:22.144] [bmv2] [T] [thread 20125] [17.0] [cxt 0] hw2.p4(417) Condition "hdr.request.specialRequest == 1" (node_34) is false
[14:11:22.144] [bmv2] [D] [thread 20125] [17.0] [cxt 0] Pipeline 'egress': end
[14:11:22.144] [bmv2] [D] [thread 20125] [17.0] [cxt 0] Deparser 'deparser': start
[14:11:22.144] [bmv2] [T] [thread 20125] [17.0] [cxt 0] Skipping checksum 'cksum' update because condition not met
[14:11:22.144] [bmv2] [D] [thread 20125] [17.0] [cxt 0] Deparsing header 'ethernet'
[14:11:22.144] [bmv2] [D] [thread 20125] [17.0] [cxt 0] Deparser 'deparser': end
[14:11:22.144] [bmv2] [D] [thread 20129] [17.0] [cxt 0] Transmitting packet of size 201 out of port 0
[14:11:23.728] [bmv2] [D] [thread 20124] [18.0] [cxt 0] Processing packet received on port 2
[14:11:23.728] [bmv2] [D] [thread 20124] [18.0] [cxt 0] Parser 'parser': start
[14:11:23.728] [bmv2] [D] [thread 20124] [18.0] [cxt 0] Parser 'parser' entering state 'start'
[14:11:23.728] [bmv2] [D] [thread 20124] [18.0] [cxt 0] Extracting header 'ethernet'
[14:11:23.728] [bmv2] [D] [thread 20124] [18.0] [cxt 0] Parser state 'start': key is 86dd
[14:11:23.728] [bmv2] [T] [thread 20124] [18.0] [cxt 0] Bytes parsed: 14
[14:11:23.728] [bmv2] [D] [thread 20124] [18.0] [cxt 0] Parser 'parser': end
[14:11:23.728] [bmv2] [D] [thread 20124] [18.0] [cxt 0] Pipeline 'ingress': start
[14:11:23.728] [bmv2] [T] [thread 20124] [18.0] [cxt 0] hw2.p4(342) Condition "hdr.ipv4.isValid()" (node_2) is false
[14:11:23.728] [bmv2] [T] [thread 20124] [18.0] [cxt 0] hw2.p4(345) Condition "hdr.request.isValid()" (node_4) is false
[14:11:23.728] [bmv2] [D] [thread 20124] [18.0] [cxt 0] Pipeline 'ingress': end
[14:11:23.728] [bmv2] [D] [thread 20124] [18.0] [cxt 0] Egress port is 0
[14:11:23.728] [bmv2] [D] [thread 20125] [18.0] [cxt 0] Pipeline 'egress': start
[14:11:23.728] [bmv2] [T] [thread 20125] [18.0] [cxt 0] hw2.p4(417) Condition "hdr.request.specialRequest == 1" (node_34) is false
[14:11:23.728] [bmv2] [D] [thread 20125] [18.0] [cxt 0] Pipeline 'egress': end
[14:11:23.728] [bmv2] [D] [thread 20125] [18.0] [cxt 0] Deparser 'deparser': start
[14:11:23.728] [bmv2] [T] [thread 20125] [18.0] [cxt 0] Skipping checksum 'cksum' update because condition not met
[14:11:23.728] [bmv2] [D] [thread 20125] [18.0] [cxt 0] Deparsing header 'ethernet'
[14:11:23.728] [bmv2] [D] [thread 20125] [18.0] [cxt 0] Deparser 'deparser': end
[14:11:23.728] [bmv2] [D] [thread 20129] [18.0] [cxt 0] Transmitting packet of size 125 out of port 0
[14:11:24.582] [bmv2] [D] [thread 20124] [19.0] [cxt 0] Processing packet received on port 1
[14:11:24.582] [bmv2] [D] [thread 20124] [19.0] [cxt 0] Parser 'parser': start
[14:11:24.582] [bmv2] [D] [thread 20124] [19.0] [cxt 0] Parser 'parser' entering state 'start'
[14:11:24.582] [bmv2] [D] [thread 20124] [19.0] [cxt 0] Extracting header 'ethernet'
[14:11:24.582] [bmv2] [D] [thread 20124] [19.0] [cxt 0] Parser state 'start': key is 86dd
[14:11:24.582] [bmv2] [T] [thread 20124] [19.0] [cxt 0] Bytes parsed: 14
[14:11:24.582] [bmv2] [D] [thread 20124] [19.0] [cxt 0] Parser 'parser': end
[14:11:24.582] [bmv2] [D] [thread 20124] [19.0] [cxt 0] Pipeline 'ingress': start
[14:11:24.582] [bmv2] [T] [thread 20124] [19.0] [cxt 0] hw2.p4(342) Condition "hdr.ipv4.isValid()" (node_2) is false
[14:11:24.582] [bmv2] [T] [thread 20124] [19.0] [cxt 0] hw2.p4(345) Condition "hdr.request.isValid()" (node_4) is false
[14:11:24.582] [bmv2] [D] [thread 20124] [19.0] [cxt 0] Pipeline 'ingress': end
[14:11:24.582] [bmv2] [D] [thread 20124] [19.0] [cxt 0] Egress port is 0
[14:11:24.582] [bmv2] [D] [thread 20125] [19.0] [cxt 0] Pipeline 'egress': start
[14:11:24.582] [bmv2] [T] [thread 20125] [19.0] [cxt 0] hw2.p4(417) Condition "hdr.request.specialRequest == 1" (node_34) is false
[14:11:24.582] [bmv2] [D] [thread 20125] [19.0] [cxt 0] Pipeline 'egress': end
[14:11:24.582] [bmv2] [D] [thread 20125] [19.0] [cxt 0] Deparser 'deparser': start
[14:11:24.582] [bmv2] [T] [thread 20125] [19.0] [cxt 0] Skipping checksum 'cksum' update because condition not met
[14:11:24.582] [bmv2] [D] [thread 20125] [19.0] [cxt 0] Deparsing header 'ethernet'
[14:11:24.582] [bmv2] [D] [thread 20125] [19.0] [cxt 0] Deparser 'deparser': end
[14:11:24.582] [bmv2] [D] [thread 20129] [19.0] [cxt 0] Transmitting packet of size 125 out of port 0
[14:11:25.033] [bmv2] [D] [thread 20124] [20.0] [cxt 0] Processing packet received on port 1
[14:11:25.033] [bmv2] [D] [thread 20124] [20.0] [cxt 0] Parser 'parser': start
[14:11:25.033] [bmv2] [D] [thread 20124] [20.0] [cxt 0] Parser 'parser' entering state 'start'
[14:11:25.033] [bmv2] [D] [thread 20124] [20.0] [cxt 0] Extracting header 'ethernet'
[14:11:25.033] [bmv2] [D] [thread 20124] [20.0] [cxt 0] Parser state 'start': key is 86dd
[14:11:25.033] [bmv2] [T] [thread 20124] [20.0] [cxt 0] Bytes parsed: 14
[14:11:25.033] [bmv2] [D] [thread 20124] [20.0] [cxt 0] Parser 'parser': end
[14:11:25.033] [bmv2] [D] [thread 20124] [20.0] [cxt 0] Pipeline 'ingress': start
[14:11:25.033] [bmv2] [T] [thread 20124] [20.0] [cxt 0] hw2.p4(342) Condition "hdr.ipv4.isValid()" (node_2) is false
[14:11:25.033] [bmv2] [T] [thread 20124] [20.0] [cxt 0] hw2.p4(345) Condition "hdr.request.isValid()" (node_4) is false
[14:11:25.033] [bmv2] [D] [thread 20124] [20.0] [cxt 0] Pipeline 'ingress': end
[14:11:25.033] [bmv2] [D] [thread 20124] [20.0] [cxt 0] Egress port is 0
[14:11:25.033] [bmv2] [D] [thread 20125] [20.0] [cxt 0] Pipeline 'egress': start
[14:11:25.033] [bmv2] [T] [thread 20125] [20.0] [cxt 0] hw2.p4(417) Condition "hdr.request.specialRequest == 1" (node_34) is false
[14:11:25.033] [bmv2] [D] [thread 20125] [20.0] [cxt 0] Pipeline 'egress': end
[14:11:25.033] [bmv2] [D] [thread 20125] [20.0] [cxt 0] Deparser 'deparser': start
[14:11:25.033] [bmv2] [T] [thread 20125] [20.0] [cxt 0] Skipping checksum 'cksum' update because condition not met
[14:11:25.033] [bmv2] [D] [thread 20125] [20.0] [cxt 0] Deparsing header 'ethernet'
[14:11:25.033] [bmv2] [D] [thread 20125] [20.0] [cxt 0] Deparser 'deparser': end
[14:11:25.033] [bmv2] [D] [thread 20129] [20.0] [cxt 0] Transmitting packet of size 125 out of port 0
[14:11:29.220] [bmv2] [D] [thread 20124] [21.0] [cxt 0] Processing packet received on port 2
[14:11:29.220] [bmv2] [D] [thread 20124] [21.0] [cxt 0] Parser 'parser': start
[14:11:29.220] [bmv2] [D] [thread 20124] [21.0] [cxt 0] Parser 'parser' entering state 'start'
[14:11:29.220] [bmv2] [D] [thread 20124] [21.0] [cxt 0] Extracting header 'ethernet'
[14:11:29.220] [bmv2] [D] [thread 20124] [21.0] [cxt 0] Parser state 'start': key is 86dd
[14:11:29.220] [bmv2] [T] [thread 20124] [21.0] [cxt 0] Bytes parsed: 14
[14:11:29.220] [bmv2] [D] [thread 20124] [21.0] [cxt 0] Parser 'parser': end
[14:11:29.220] [bmv2] [D] [thread 20124] [21.0] [cxt 0] Pipeline 'ingress': start
[14:11:29.220] [bmv2] [T] [thread 20124] [21.0] [cxt 0] hw2.p4(342) Condition "hdr.ipv4.isValid()" (node_2) is false
[14:11:29.220] [bmv2] [T] [thread 20124] [21.0] [cxt 0] hw2.p4(345) Condition "hdr.request.isValid()" (node_4) is false
[14:11:29.220] [bmv2] [D] [thread 20124] [21.0] [cxt 0] Pipeline 'ingress': end
[14:11:29.221] [bmv2] [D] [thread 20124] [21.0] [cxt 0] Egress port is 0
[14:11:29.221] [bmv2] [D] [thread 20125] [21.0] [cxt 0] Pipeline 'egress': start
[14:11:29.221] [bmv2] [T] [thread 20125] [21.0] [cxt 0] hw2.p4(417) Condition "hdr.request.specialRequest == 1" (node_34) is false
[14:11:29.221] [bmv2] [D] [thread 20125] [21.0] [cxt 0] Pipeline 'egress': end
[14:11:29.221] [bmv2] [D] [thread 20125] [21.0] [cxt 0] Deparser 'deparser': start
[14:11:29.221] [bmv2] [T] [thread 20125] [21.0] [cxt 0] Skipping checksum 'cksum' update because condition not met
[14:11:29.221] [bmv2] [D] [thread 20125] [21.0] [cxt 0] Deparsing header 'ethernet'
[14:11:29.221] [bmv2] [D] [thread 20125] [21.0] [cxt 0] Deparser 'deparser': end
[14:11:29.221] [bmv2] [D] [thread 20129] [21.0] [cxt 0] Transmitting packet of size 70 out of port 0
[14:11:29.731] [bmv2] [D] [thread 20124] [22.0] [cxt 0] Processing packet received on port 1
[14:11:29.731] [bmv2] [D] [thread 20124] [22.0] [cxt 0] Parser 'parser': start
[14:11:29.731] [bmv2] [D] [thread 20124] [22.0] [cxt 0] Parser 'parser' entering state 'start'
[14:11:29.731] [bmv2] [D] [thread 20124] [22.0] [cxt 0] Extracting header 'ethernet'
[14:11:29.731] [bmv2] [D] [thread 20124] [22.0] [cxt 0] Parser state 'start': key is 86dd
[14:11:29.731] [bmv2] [T] [thread 20124] [22.0] [cxt 0] Bytes parsed: 14
[14:11:29.731] [bmv2] [D] [thread 20124] [22.0] [cxt 0] Parser 'parser': end
[14:11:29.731] [bmv2] [D] [thread 20124] [22.0] [cxt 0] Pipeline 'ingress': start
[14:11:29.731] [bmv2] [T] [thread 20124] [22.0] [cxt 0] hw2.p4(342) Condition "hdr.ipv4.isValid()" (node_2) is false
[14:11:29.731] [bmv2] [T] [thread 20124] [22.0] [cxt 0] hw2.p4(345) Condition "hdr.request.isValid()" (node_4) is false
[14:11:29.731] [bmv2] [D] [thread 20124] [22.0] [cxt 0] Pipeline 'ingress': end
[14:11:29.731] [bmv2] [D] [thread 20124] [22.0] [cxt 0] Egress port is 0
[14:11:29.731] [bmv2] [D] [thread 20125] [22.0] [cxt 0] Pipeline 'egress': start
[14:11:29.731] [bmv2] [T] [thread 20125] [22.0] [cxt 0] hw2.p4(417) Condition "hdr.request.specialRequest == 1" (node_34) is false
[14:11:29.731] [bmv2] [D] [thread 20125] [22.0] [cxt 0] Pipeline 'egress': end
[14:11:29.731] [bmv2] [D] [thread 20125] [22.0] [cxt 0] Deparser 'deparser': start
[14:11:29.731] [bmv2] [T] [thread 20125] [22.0] [cxt 0] Skipping checksum 'cksum' update because condition not met
[14:11:29.731] [bmv2] [D] [thread 20125] [22.0] [cxt 0] Deparsing header 'ethernet'
[14:11:29.731] [bmv2] [D] [thread 20125] [22.0] [cxt 0] Deparser 'deparser': end
[14:11:29.731] [bmv2] [D] [thread 20129] [22.0] [cxt 0] Transmitting packet of size 70 out of port 0
[14:11:30.243] [bmv2] [D] [thread 20124] [23.0] [cxt 0] Processing packet received on port 1
[14:11:30.243] [bmv2] [D] [thread 20124] [23.0] [cxt 0] Parser 'parser': start
[14:11:30.243] [bmv2] [D] [thread 20124] [23.0] [cxt 0] Parser 'parser' entering state 'start'
[14:11:30.243] [bmv2] [D] [thread 20124] [23.0] [cxt 0] Extracting header 'ethernet'
[14:11:30.243] [bmv2] [D] [thread 20124] [23.0] [cxt 0] Parser state 'start': key is 86dd
[14:11:30.243] [bmv2] [T] [thread 20124] [23.0] [cxt 0] Bytes parsed: 14
[14:11:30.243] [bmv2] [D] [thread 20124] [23.0] [cxt 0] Parser 'parser': end
[14:11:30.243] [bmv2] [D] [thread 20124] [23.0] [cxt 0] Pipeline 'ingress': start
[14:11:30.243] [bmv2] [T] [thread 20124] [23.0] [cxt 0] hw2.p4(342) Condition "hdr.ipv4.isValid()" (node_2) is false
[14:11:30.244] [bmv2] [T] [thread 20124] [23.0] [cxt 0] hw2.p4(345) Condition "hdr.request.isValid()" (node_4) is false
[14:11:30.244] [bmv2] [D] [thread 20124] [23.0] [cxt 0] Pipeline 'ingress': end
[14:11:30.244] [bmv2] [D] [thread 20124] [23.0] [cxt 0] Egress port is 0
[14:11:30.244] [bmv2] [D] [thread 20125] [23.0] [cxt 0] Pipeline 'egress': start
[14:11:30.244] [bmv2] [T] [thread 20125] [23.0] [cxt 0] hw2.p4(417) Condition "hdr.request.specialRequest == 1" (node_34) is false
[14:11:30.244] [bmv2] [D] [thread 20125] [23.0] [cxt 0] Pipeline 'egress': end
[14:11:30.244] [bmv2] [D] [thread 20125] [23.0] [cxt 0] Deparser 'deparser': start
[14:11:30.244] [bmv2] [T] [thread 20125] [23.0] [cxt 0] Skipping checksum 'cksum' update because condition not met
[14:11:30.244] [bmv2] [D] [thread 20125] [23.0] [cxt 0] Deparsing header 'ethernet'
[14:11:30.244] [bmv2] [D] [thread 20125] [23.0] [cxt 0] Deparser 'deparser': end
[14:11:30.244] [bmv2] [D] [thread 20129] [23.0] [cxt 0] Transmitting packet of size 70 out of port 0
[14:11:31.734] [bmv2] [D] [thread 20124] [24.0] [cxt 0] Processing packet received on port 2
[14:11:31.734] [bmv2] [D] [thread 20124] [24.0] [cxt 0] Parser 'parser': start
[14:11:31.734] [bmv2] [D] [thread 20124] [24.0] [cxt 0] Parser 'parser' entering state 'start'
[14:11:31.734] [bmv2] [D] [thread 20124] [24.0] [cxt 0] Extracting header 'ethernet'
[14:11:31.734] [bmv2] [D] [thread 20124] [24.0] [cxt 0] Parser state 'start': key is 86dd
[14:11:31.734] [bmv2] [T] [thread 20124] [24.0] [cxt 0] Bytes parsed: 14
[14:11:31.734] [bmv2] [D] [thread 20124] [24.0] [cxt 0] Parser 'parser': end
[14:11:31.734] [bmv2] [D] [thread 20124] [24.0] [cxt 0] Pipeline 'ingress': start
[14:11:31.734] [bmv2] [T] [thread 20124] [24.0] [cxt 0] hw2.p4(342) Condition "hdr.ipv4.isValid()" (node_2) is false
[14:11:31.734] [bmv2] [T] [thread 20124] [24.0] [cxt 0] hw2.p4(345) Condition "hdr.request.isValid()" (node_4) is false
[14:11:31.734] [bmv2] [D] [thread 20124] [24.0] [cxt 0] Pipeline 'ingress': end
[14:11:31.734] [bmv2] [D] [thread 20124] [24.0] [cxt 0] Egress port is 0
[14:11:31.734] [bmv2] [D] [thread 20125] [24.0] [cxt 0] Pipeline 'egress': start
[14:11:31.734] [bmv2] [T] [thread 20125] [24.0] [cxt 0] hw2.p4(417) Condition "hdr.request.specialRequest == 1" (node_34) is false
[14:11:31.734] [bmv2] [D] [thread 20125] [24.0] [cxt 0] Pipeline 'egress': end
[14:11:31.734] [bmv2] [D] [thread 20125] [24.0] [cxt 0] Deparser 'deparser': start
[14:11:31.734] [bmv2] [T] [thread 20125] [24.0] [cxt 0] Skipping checksum 'cksum' update because condition not met
[14:11:31.734] [bmv2] [D] [thread 20125] [24.0] [cxt 0] Deparsing header 'ethernet'
[14:11:31.734] [bmv2] [D] [thread 20125] [24.0] [cxt 0] Deparser 'deparser': end
[14:11:31.734] [bmv2] [D] [thread 20129] [24.0] [cxt 0] Transmitting packet of size 125 out of port 0
[14:11:32.589] [bmv2] [D] [thread 20124] [25.0] [cxt 0] Processing packet received on port 1
[14:11:32.589] [bmv2] [D] [thread 20124] [25.0] [cxt 0] Parser 'parser': start
[14:11:32.589] [bmv2] [D] [thread 20124] [25.0] [cxt 0] Parser 'parser' entering state 'start'
[14:11:32.589] [bmv2] [D] [thread 20124] [25.0] [cxt 0] Extracting header 'ethernet'
[14:11:32.589] [bmv2] [D] [thread 20124] [25.0] [cxt 0] Parser state 'start': key is 86dd
[14:11:32.589] [bmv2] [T] [thread 20124] [25.0] [cxt 0] Bytes parsed: 14
[14:11:32.589] [bmv2] [D] [thread 20124] [25.0] [cxt 0] Parser 'parser': end
[14:11:32.589] [bmv2] [D] [thread 20124] [25.0] [cxt 0] Pipeline 'ingress': start
[14:11:32.589] [bmv2] [T] [thread 20124] [25.0] [cxt 0] hw2.p4(342) Condition "hdr.ipv4.isValid()" (node_2) is false
[14:11:32.589] [bmv2] [T] [thread 20124] [25.0] [cxt 0] hw2.p4(345) Condition "hdr.request.isValid()" (node_4) is false
[14:11:32.589] [bmv2] [D] [thread 20124] [25.0] [cxt 0] Pipeline 'ingress': end
[14:11:32.589] [bmv2] [D] [thread 20124] [25.0] [cxt 0] Egress port is 0
[14:11:32.589] [bmv2] [D] [thread 20125] [25.0] [cxt 0] Pipeline 'egress': start
[14:11:32.589] [bmv2] [T] [thread 20125] [25.0] [cxt 0] hw2.p4(417) Condition "hdr.request.specialRequest == 1" (node_34) is false
[14:11:32.589] [bmv2] [D] [thread 20125] [25.0] [cxt 0] Pipeline 'egress': end
[14:11:32.589] [bmv2] [D] [thread 20125] [25.0] [cxt 0] Deparser 'deparser': start
[14:11:32.589] [bmv2] [T] [thread 20125] [25.0] [cxt 0] Skipping checksum 'cksum' update because condition not met
[14:11:32.589] [bmv2] [D] [thread 20125] [25.0] [cxt 0] Deparsing header 'ethernet'
[14:11:32.589] [bmv2] [D] [thread 20125] [25.0] [cxt 0] Deparser 'deparser': end
[14:11:32.589] [bmv2] [D] [thread 20129] [25.0] [cxt 0] Transmitting packet of size 125 out of port 0
[14:11:33.042] [bmv2] [D] [thread 20124] [26.0] [cxt 0] Processing packet received on port 1
[14:11:33.042] [bmv2] [D] [thread 20124] [26.0] [cxt 0] Parser 'parser': start
[14:11:33.042] [bmv2] [D] [thread 20124] [26.0] [cxt 0] Parser 'parser' entering state 'start'
[14:11:33.042] [bmv2] [D] [thread 20124] [26.0] [cxt 0] Extracting header 'ethernet'
[14:11:33.042] [bmv2] [D] [thread 20124] [26.0] [cxt 0] Parser state 'start': key is 86dd
[14:11:33.042] [bmv2] [T] [thread 20124] [26.0] [cxt 0] Bytes parsed: 14
[14:11:33.042] [bmv2] [D] [thread 20124] [26.0] [cxt 0] Parser 'parser': end
[14:11:33.042] [bmv2] [D] [thread 20124] [26.0] [cxt 0] Pipeline 'ingress': start
[14:11:33.042] [bmv2] [T] [thread 20124] [26.0] [cxt 0] hw2.p4(342) Condition "hdr.ipv4.isValid()" (node_2) is false
[14:11:33.042] [bmv2] [T] [thread 20124] [26.0] [cxt 0] hw2.p4(345) Condition "hdr.request.isValid()" (node_4) is false
[14:11:33.042] [bmv2] [D] [thread 20124] [26.0] [cxt 0] Pipeline 'ingress': end
[14:11:33.042] [bmv2] [D] [thread 20124] [26.0] [cxt 0] Egress port is 0
[14:11:33.042] [bmv2] [D] [thread 20125] [26.0] [cxt 0] Pipeline 'egress': start
[14:11:33.042] [bmv2] [T] [thread 20125] [26.0] [cxt 0] hw2.p4(417) Condition "hdr.request.specialRequest == 1" (node_34) is false
[14:11:33.042] [bmv2] [D] [thread 20125] [26.0] [cxt 0] Pipeline 'egress': end
[14:11:33.042] [bmv2] [D] [thread 20125] [26.0] [cxt 0] Deparser 'deparser': start
[14:11:33.042] [bmv2] [T] [thread 20125] [26.0] [cxt 0] Skipping checksum 'cksum' update because condition not met
[14:11:33.042] [bmv2] [D] [thread 20125] [26.0] [cxt 0] Deparsing header 'ethernet'
[14:11:33.042] [bmv2] [D] [thread 20125] [26.0] [cxt 0] Deparser 'deparser': end
[14:11:33.042] [bmv2] [D] [thread 20129] [26.0] [cxt 0] Transmitting packet of size 125 out of port 0
[14:11:46.371] [bmv2] [D] [thread 20124] [27.0] [cxt 0] Processing packet received on port 1
[14:11:46.371] [bmv2] [D] [thread 20124] [27.0] [cxt 0] Parser 'parser': start
[14:11:46.371] [bmv2] [D] [thread 20124] [27.0] [cxt 0] Parser 'parser' entering state 'start'
[14:11:46.371] [bmv2] [D] [thread 20124] [27.0] [cxt 0] Extracting header 'ethernet'
[14:11:46.371] [bmv2] [D] [thread 20124] [27.0] [cxt 0] Parser state 'start': key is 86dd
[14:11:46.371] [bmv2] [T] [thread 20124] [27.0] [cxt 0] Bytes parsed: 14
[14:11:46.371] [bmv2] [D] [thread 20124] [27.0] [cxt 0] Parser 'parser': end
[14:11:46.371] [bmv2] [D] [thread 20124] [27.0] [cxt 0] Pipeline 'ingress': start
[14:11:46.371] [bmv2] [T] [thread 20124] [27.0] [cxt 0] hw2.p4(342) Condition "hdr.ipv4.isValid()" (node_2) is false
[14:11:46.371] [bmv2] [T] [thread 20124] [27.0] [cxt 0] hw2.p4(345) Condition "hdr.request.isValid()" (node_4) is false
[14:11:46.371] [bmv2] [D] [thread 20124] [27.0] [cxt 0] Pipeline 'ingress': end
[14:11:46.371] [bmv2] [D] [thread 20124] [27.0] [cxt 0] Egress port is 0
[14:11:46.371] [bmv2] [D] [thread 20125] [27.0] [cxt 0] Pipeline 'egress': start
[14:11:46.371] [bmv2] [T] [thread 20125] [27.0] [cxt 0] hw2.p4(417) Condition "hdr.request.specialRequest == 1" (node_34) is false
[14:11:46.371] [bmv2] [D] [thread 20125] [27.0] [cxt 0] Pipeline 'egress': end
[14:11:46.371] [bmv2] [D] [thread 20125] [27.0] [cxt 0] Deparser 'deparser': start
[14:11:46.371] [bmv2] [T] [thread 20125] [27.0] [cxt 0] Skipping checksum 'cksum' update because condition not met
[14:11:46.371] [bmv2] [D] [thread 20125] [27.0] [cxt 0] Deparsing header 'ethernet'
[14:11:46.371] [bmv2] [D] [thread 20125] [27.0] [cxt 0] Deparser 'deparser': end
[14:11:46.371] [bmv2] [D] [thread 20129] [27.0] [cxt 0] Transmitting packet of size 70 out of port 0
[14:11:46.372] [bmv2] [D] [thread 20124] [28.0] [cxt 0] Processing packet received on port 2
[14:11:46.372] [bmv2] [D] [thread 20124] [28.0] [cxt 0] Parser 'parser': start
[14:11:46.372] [bmv2] [D] [thread 20124] [28.0] [cxt 0] Parser 'parser' entering state 'start'
[14:11:46.372] [bmv2] [D] [thread 20124] [28.0] [cxt 0] Extracting header 'ethernet'
[14:11:46.372] [bmv2] [D] [thread 20124] [28.0] [cxt 0] Parser state 'start': key is 86dd
[14:11:46.372] [bmv2] [T] [thread 20124] [28.0] [cxt 0] Bytes parsed: 14
[14:11:46.372] [bmv2] [D] [thread 20124] [28.0] [cxt 0] Parser 'parser': end
[14:11:46.372] [bmv2] [D] [thread 20124] [28.0] [cxt 0] Pipeline 'ingress': start
[14:11:46.372] [bmv2] [T] [thread 20124] [28.0] [cxt 0] hw2.p4(342) Condition "hdr.ipv4.isValid()" (node_2) is false
[14:11:46.372] [bmv2] [T] [thread 20124] [28.0] [cxt 0] hw2.p4(345) Condition "hdr.request.isValid()" (node_4) is false
[14:11:46.372] [bmv2] [D] [thread 20124] [28.0] [cxt 0] Pipeline 'ingress': end
[14:11:46.372] [bmv2] [D] [thread 20124] [28.0] [cxt 0] Egress port is 0
[14:11:46.375] [bmv2] [D] [thread 20125] [28.0] [cxt 0] Pipeline 'egress': start
[14:11:46.375] [bmv2] [T] [thread 20125] [28.0] [cxt 0] hw2.p4(417) Condition "hdr.request.specialRequest == 1" (node_34) is false
[14:11:46.375] [bmv2] [D] [thread 20125] [28.0] [cxt 0] Pipeline 'egress': end
[14:11:46.375] [bmv2] [D] [thread 20125] [28.0] [cxt 0] Deparser 'deparser': start
[14:11:46.375] [bmv2] [T] [thread 20125] [28.0] [cxt 0] Skipping checksum 'cksum' update because condition not met
[14:11:46.375] [bmv2] [D] [thread 20125] [28.0] [cxt 0] Deparsing header 'ethernet'
[14:11:46.375] [bmv2] [D] [thread 20125] [28.0] [cxt 0] Deparser 'deparser': end
[14:11:46.375] [bmv2] [D] [thread 20129] [28.0] [cxt 0] Transmitting packet of size 70 out of port 0
[14:11:46.376] [bmv2] [D] [thread 20124] [29.0] [cxt 0] Processing packet received on port 1
[14:11:46.376] [bmv2] [D] [thread 20124] [29.0] [cxt 0] Parser 'parser': start
[14:11:46.376] [bmv2] [D] [thread 20124] [29.0] [cxt 0] Parser 'parser' entering state 'start'
[14:11:46.376] [bmv2] [D] [thread 20124] [29.0] [cxt 0] Extracting header 'ethernet'
[14:11:46.376] [bmv2] [D] [thread 20124] [29.0] [cxt 0] Parser state 'start': key is 86dd
[14:11:46.376] [bmv2] [T] [thread 20124] [29.0] [cxt 0] Bytes parsed: 14
[14:11:46.376] [bmv2] [D] [thread 20124] [29.0] [cxt 0] Parser 'parser': end
[14:11:46.376] [bmv2] [D] [thread 20124] [29.0] [cxt 0] Pipeline 'ingress': start
[14:11:46.376] [bmv2] [T] [thread 20124] [29.0] [cxt 0] hw2.p4(342) Condition "hdr.ipv4.isValid()" (node_2) is false
[14:11:46.376] [bmv2] [T] [thread 20124] [29.0] [cxt 0] hw2.p4(345) Condition "hdr.request.isValid()" (node_4) is false
[14:11:46.376] [bmv2] [D] [thread 20124] [29.0] [cxt 0] Pipeline 'ingress': end
[14:11:46.376] [bmv2] [D] [thread 20124] [29.0] [cxt 0] Egress port is 0
[14:11:46.376] [bmv2] [D] [thread 20125] [29.0] [cxt 0] Pipeline 'egress': start
[14:11:46.376] [bmv2] [T] [thread 20125] [29.0] [cxt 0] hw2.p4(417) Condition "hdr.request.specialRequest == 1" (node_34) is false
[14:11:46.376] [bmv2] [D] [thread 20125] [29.0] [cxt 0] Pipeline 'egress': end
[14:11:46.376] [bmv2] [D] [thread 20125] [29.0] [cxt 0] Deparser 'deparser': start
[14:11:46.376] [bmv2] [T] [thread 20125] [29.0] [cxt 0] Skipping checksum 'cksum' update because condition not met
[14:11:46.376] [bmv2] [D] [thread 20125] [29.0] [cxt 0] Deparsing header 'ethernet'
[14:11:46.376] [bmv2] [D] [thread 20125] [29.0] [cxt 0] Deparser 'deparser': end
[14:11:46.376] [bmv2] [D] [thread 20129] [29.0] [cxt 0] Transmitting packet of size 70 out of port 0
[14:11:47.731] [bmv2] [D] [thread 20124] [30.0] [cxt 0] Processing packet received on port 2
[14:11:47.731] [bmv2] [D] [thread 20124] [30.0] [cxt 0] Parser 'parser': start
[14:11:47.731] [bmv2] [D] [thread 20124] [30.0] [cxt 0] Parser 'parser' entering state 'start'
[14:11:47.731] [bmv2] [D] [thread 20124] [30.0] [cxt 0] Extracting header 'ethernet'
[14:11:47.731] [bmv2] [D] [thread 20124] [30.0] [cxt 0] Parser state 'start': key is 86dd
[14:11:47.731] [bmv2] [T] [thread 20124] [30.0] [cxt 0] Bytes parsed: 14
[14:11:47.731] [bmv2] [D] [thread 20124] [30.0] [cxt 0] Parser 'parser': end
[14:11:47.731] [bmv2] [D] [thread 20124] [30.0] [cxt 0] Pipeline 'ingress': start
[14:11:47.731] [bmv2] [T] [thread 20124] [30.0] [cxt 0] hw2.p4(342) Condition "hdr.ipv4.isValid()" (node_2) is false
[14:11:47.731] [bmv2] [T] [thread 20124] [30.0] [cxt 0] hw2.p4(345) Condition "hdr.request.isValid()" (node_4) is false
[14:11:47.731] [bmv2] [D] [thread 20124] [30.0] [cxt 0] Pipeline 'ingress': end
[14:11:47.731] [bmv2] [D] [thread 20124] [30.0] [cxt 0] Egress port is 0
[14:11:47.731] [bmv2] [D] [thread 20125] [30.0] [cxt 0] Pipeline 'egress': start
[14:11:47.731] [bmv2] [T] [thread 20125] [30.0] [cxt 0] hw2.p4(417) Condition "hdr.request.specialRequest == 1" (node_34) is false
[14:11:47.731] [bmv2] [D] [thread 20125] [30.0] [cxt 0] Pipeline 'egress': end
[14:11:47.731] [bmv2] [D] [thread 20125] [30.0] [cxt 0] Deparser 'deparser': start
[14:11:47.731] [bmv2] [T] [thread 20125] [30.0] [cxt 0] Skipping checksum 'cksum' update because condition not met
[14:11:47.731] [bmv2] [D] [thread 20125] [30.0] [cxt 0] Deparsing header 'ethernet'
[14:11:47.731] [bmv2] [D] [thread 20125] [30.0] [cxt 0] Deparser 'deparser': end
[14:11:47.731] [bmv2] [D] [thread 20129] [30.0] [cxt 0] Transmitting packet of size 125 out of port 0
[14:11:48.584] [bmv2] [D] [thread 20124] [31.0] [cxt 0] Processing packet received on port 1
[14:11:48.584] [bmv2] [D] [thread 20124] [31.0] [cxt 0] Parser 'parser': start
[14:11:48.584] [bmv2] [D] [thread 20124] [31.0] [cxt 0] Parser 'parser' entering state 'start'
[14:11:48.584] [bmv2] [D] [thread 20124] [31.0] [cxt 0] Extracting header 'ethernet'
[14:11:48.584] [bmv2] [D] [thread 20124] [31.0] [cxt 0] Parser state 'start': key is 86dd
[14:11:48.584] [bmv2] [T] [thread 20124] [31.0] [cxt 0] Bytes parsed: 14
[14:11:48.584] [bmv2] [D] [thread 20124] [31.0] [cxt 0] Parser 'parser': end
[14:11:48.584] [bmv2] [D] [thread 20124] [31.0] [cxt 0] Pipeline 'ingress': start
[14:11:48.584] [bmv2] [T] [thread 20124] [31.0] [cxt 0] hw2.p4(342) Condition "hdr.ipv4.isValid()" (node_2) is false
[14:11:48.584] [bmv2] [T] [thread 20124] [31.0] [cxt 0] hw2.p4(345) Condition "hdr.request.isValid()" (node_4) is false
[14:11:48.584] [bmv2] [D] [thread 20124] [31.0] [cxt 0] Pipeline 'ingress': end
[14:11:48.584] [bmv2] [D] [thread 20124] [31.0] [cxt 0] Egress port is 0
[14:11:48.584] [bmv2] [D] [thread 20125] [31.0] [cxt 0] Pipeline 'egress': start
[14:11:48.584] [bmv2] [T] [thread 20125] [31.0] [cxt 0] hw2.p4(417) Condition "hdr.request.specialRequest == 1" (node_34) is false
[14:11:48.584] [bmv2] [D] [thread 20125] [31.0] [cxt 0] Pipeline 'egress': end
[14:11:48.584] [bmv2] [D] [thread 20125] [31.0] [cxt 0] Deparser 'deparser': start
[14:11:48.584] [bmv2] [T] [thread 20125] [31.0] [cxt 0] Skipping checksum 'cksum' update because condition not met
[14:11:48.584] [bmv2] [D] [thread 20125] [31.0] [cxt 0] Deparsing header 'ethernet'
[14:11:48.584] [bmv2] [D] [thread 20125] [31.0] [cxt 0] Deparser 'deparser': end
[14:11:48.584] [bmv2] [D] [thread 20129] [31.0] [cxt 0] Transmitting packet of size 125 out of port 0
[14:11:49.039] [bmv2] [D] [thread 20124] [32.0] [cxt 0] Processing packet received on port 1
[14:11:49.039] [bmv2] [D] [thread 20124] [32.0] [cxt 0] Parser 'parser': start
[14:11:49.039] [bmv2] [D] [thread 20124] [32.0] [cxt 0] Parser 'parser' entering state 'start'
[14:11:49.039] [bmv2] [D] [thread 20124] [32.0] [cxt 0] Extracting header 'ethernet'
[14:11:49.039] [bmv2] [D] [thread 20124] [32.0] [cxt 0] Parser state 'start': key is 86dd
[14:11:49.039] [bmv2] [T] [thread 20124] [32.0] [cxt 0] Bytes parsed: 14
[14:11:49.039] [bmv2] [D] [thread 20124] [32.0] [cxt 0] Parser 'parser': end
[14:11:49.039] [bmv2] [D] [thread 20124] [32.0] [cxt 0] Pipeline 'ingress': start
[14:11:49.039] [bmv2] [T] [thread 20124] [32.0] [cxt 0] hw2.p4(342) Condition "hdr.ipv4.isValid()" (node_2) is false
[14:11:49.039] [bmv2] [T] [thread 20124] [32.0] [cxt 0] hw2.p4(345) Condition "hdr.request.isValid()" (node_4) is false
[14:11:49.039] [bmv2] [D] [thread 20124] [32.0] [cxt 0] Pipeline 'ingress': end
[14:11:49.039] [bmv2] [D] [thread 20124] [32.0] [cxt 0] Egress port is 0
[14:11:49.039] [bmv2] [D] [thread 20125] [32.0] [cxt 0] Pipeline 'egress': start
[14:11:49.039] [bmv2] [T] [thread 20125] [32.0] [cxt 0] hw2.p4(417) Condition "hdr.request.specialRequest == 1" (node_34) is false
[14:11:49.039] [bmv2] [D] [thread 20125] [32.0] [cxt 0] Pipeline 'egress': end
[14:11:49.039] [bmv2] [D] [thread 20125] [32.0] [cxt 0] Deparser 'deparser': start
[14:11:49.039] [bmv2] [T] [thread 20125] [32.0] [cxt 0] Skipping checksum 'cksum' update because condition not met
[14:11:49.039] [bmv2] [D] [thread 20125] [32.0] [cxt 0] Deparsing header 'ethernet'
[14:11:49.039] [bmv2] [D] [thread 20125] [32.0] [cxt 0] Deparser 'deparser': end
[14:11:49.039] [bmv2] [D] [thread 20129] [32.0] [cxt 0] Transmitting packet of size 125 out of port 0
open: No such file or directory
open: No such file or directory
open: No such file or directory
open: No such file or directory
open: No such file or directory
